{"C:\\Users\\HAMMED\\Documents\\GitHub\\Teamwork\\src\\tests\\test.js":{"path":"C:\\Users\\HAMMED\\Documents\\GitHub\\Teamwork\\src\\tests\\test.js","statementMap":{"0":{"start":{"line":3,"column":12},"end":{"line":3,"column":51}},"1":{"start":{"line":5,"column":16},"end":{"line":5,"column":60}},"2":{"start":{"line":7,"column":11},"end":{"line":7,"column":52}},"3":{"start":{"line":9,"column":39},"end":{"line":9,"column":95}},"4":{"start":{"line":13,"column":0},"end":{"line":13,"column":43}},"5":{"start":{"line":15,"column":0},"end":{"line":15,"column":26}},"6":{"start":{"line":17,"column":0},"end":{"line":151,"column":3}},"7":{"start":{"line":18,"column":2},"end":{"line":46,"column":5}},"8":{"start":{"line":20,"column":4},"end":{"line":26,"column":7}},"9":{"start":{"line":21,"column":6},"end":{"line":25,"column":9}},"10":{"start":{"line":22,"column":8},"end":{"line":22,"column":36}},"11":{"start":{"line":23,"column":8},"end":{"line":23,"column":39}},"12":{"start":{"line":24,"column":8},"end":{"line":24,"column":18}},"13":{"start":{"line":28,"column":4},"end":{"line":36,"column":7}},"14":{"start":{"line":29,"column":15},"end":{"line":29,"column":16}},"15":{"start":{"line":31,"column":6},"end":{"line":35,"column":9}},"16":{"start":{"line":32,"column":8},"end":{"line":32,"column":36}},"17":{"start":{"line":33,"column":8},"end":{"line":33,"column":39}},"18":{"start":{"line":34,"column":8},"end":{"line":34,"column":18}},"19":{"start":{"line":37,"column":4},"end":{"line":45,"column":7}},"20":{"start":{"line":38,"column":15},"end":{"line":38,"column":16}},"21":{"start":{"line":40,"column":6},"end":{"line":44,"column":9}},"22":{"start":{"line":41,"column":8},"end":{"line":41,"column":36}},"23":{"start":{"line":42,"column":8},"end":{"line":42,"column":39}},"24":{"start":{"line":43,"column":8},"end":{"line":43,"column":18}},"25":{"start":{"line":47,"column":2},"end":{"line":108,"column":5}},"26":{"start":{"line":48,"column":4},"end":{"line":57,"column":7}},"27":{"start":{"line":49,"column":6},"end":{"line":56,"column":9}},"28":{"start":{"line":53,"column":8},"end":{"line":53,"column":36}},"29":{"start":{"line":54,"column":8},"end":{"line":54,"column":39}},"30":{"start":{"line":55,"column":8},"end":{"line":55,"column":18}},"31":{"start":{"line":58,"column":4},"end":{"line":67,"column":7}},"32":{"start":{"line":59,"column":6},"end":{"line":66,"column":9}},"33":{"start":{"line":63,"column":8},"end":{"line":63,"column":36}},"34":{"start":{"line":64,"column":8},"end":{"line":64,"column":39}},"35":{"start":{"line":65,"column":8},"end":{"line":65,"column":18}},"36":{"start":{"line":68,"column":4},"end":{"line":77,"column":7}},"37":{"start":{"line":69,"column":6},"end":{"line":76,"column":9}},"38":{"start":{"line":73,"column":8},"end":{"line":73,"column":36}},"39":{"start":{"line":74,"column":8},"end":{"line":74,"column":39}},"40":{"start":{"line":75,"column":8},"end":{"line":75,"column":18}},"41":{"start":{"line":78,"column":4},"end":{"line":87,"column":7}},"42":{"start":{"line":79,"column":6},"end":{"line":86,"column":9}},"43":{"start":{"line":83,"column":8},"end":{"line":83,"column":36}},"44":{"start":{"line":84,"column":8},"end":{"line":84,"column":39}},"45":{"start":{"line":85,"column":8},"end":{"line":85,"column":18}},"46":{"start":{"line":88,"column":4},"end":{"line":97,"column":7}},"47":{"start":{"line":89,"column":6},"end":{"line":96,"column":9}},"48":{"start":{"line":93,"column":8},"end":{"line":93,"column":36}},"49":{"start":{"line":94,"column":8},"end":{"line":94,"column":39}},"50":{"start":{"line":95,"column":8},"end":{"line":95,"column":18}},"51":{"start":{"line":98,"column":4},"end":{"line":107,"column":7}},"52":{"start":{"line":99,"column":6},"end":{"line":106,"column":9}},"53":{"start":{"line":103,"column":8},"end":{"line":103,"column":36}},"54":{"start":{"line":104,"column":8},"end":{"line":104,"column":39}},"55":{"start":{"line":105,"column":8},"end":{"line":105,"column":18}},"56":{"start":{"line":109,"column":2},"end":{"line":138,"column":5}},"57":{"start":{"line":110,"column":4},"end":{"line":116,"column":7}},"58":{"start":{"line":111,"column":6},"end":{"line":115,"column":9}},"59":{"start":{"line":112,"column":8},"end":{"line":112,"column":36}},"60":{"start":{"line":114,"column":8},"end":{"line":114,"column":18}},"61":{"start":{"line":117,"column":4},"end":{"line":123,"column":7}},"62":{"start":{"line":118,"column":6},"end":{"line":122,"column":9}},"63":{"start":{"line":119,"column":8},"end":{"line":119,"column":36}},"64":{"start":{"line":121,"column":8},"end":{"line":121,"column":18}},"65":{"start":{"line":124,"column":4},"end":{"line":130,"column":7}},"66":{"start":{"line":125,"column":6},"end":{"line":129,"column":9}},"67":{"start":{"line":126,"column":8},"end":{"line":126,"column":36}},"68":{"start":{"line":128,"column":8},"end":{"line":128,"column":18}},"69":{"start":{"line":131,"column":4},"end":{"line":137,"column":7}},"70":{"start":{"line":132,"column":6},"end":{"line":136,"column":9}},"71":{"start":{"line":133,"column":8},"end":{"line":133,"column":36}},"72":{"start":{"line":135,"column":8},"end":{"line":135,"column":18}},"73":{"start":{"line":139,"column":2},"end":{"line":150,"column":5}},"74":{"start":{"line":140,"column":4},"end":{"line":149,"column":7}},"75":{"start":{"line":141,"column":6},"end":{"line":148,"column":9}},"76":{"start":{"line":145,"column":8},"end":{"line":145,"column":36}},"77":{"start":{"line":147,"column":8},"end":{"line":147,"column":18}}},"fnMap":{"0":{"name":"_interopRequireDefault","decl":{"start":{"line":9,"column":9},"end":{"line":9,"column":31}},"loc":{"start":{"line":9,"column":37},"end":{"line":9,"column":97}},"line":9},"1":{"name":"(anonymous_1)","decl":{"start":{"line":17,"column":44},"end":{"line":17,"column":45}},"loc":{"start":{"line":17,"column":56},"end":{"line":151,"column":1}},"line":17},"2":{"name":"(anonymous_2)","decl":{"start":{"line":18,"column":33},"end":{"line":18,"column":34}},"loc":{"start":{"line":18,"column":45},"end":{"line":46,"column":3}},"line":18},"3":{"name":"(anonymous_3)","decl":{"start":{"line":20,"column":41},"end":{"line":20,"column":42}},"loc":{"start":{"line":20,"column":57},"end":{"line":26,"column":5}},"line":20},"4":{"name":"(anonymous_4)","decl":{"start":{"line":21,"column":65},"end":{"line":21,"column":66}},"loc":{"start":{"line":21,"column":85},"end":{"line":25,"column":7}},"line":21},"5":{"name":"(anonymous_5)","decl":{"start":{"line":28,"column":40},"end":{"line":28,"column":41}},"loc":{"start":{"line":28,"column":56},"end":{"line":36,"column":5}},"line":28},"6":{"name":"(anonymous_6)","decl":{"start":{"line":31,"column":85},"end":{"line":31,"column":86}},"loc":{"start":{"line":31,"column":105},"end":{"line":35,"column":7}},"line":31},"7":{"name":"(anonymous_7)","decl":{"start":{"line":37,"column":36},"end":{"line":37,"column":37}},"loc":{"start":{"line":37,"column":52},"end":{"line":45,"column":5}},"line":37},"8":{"name":"(anonymous_8)","decl":{"start":{"line":40,"column":77},"end":{"line":40,"column":78}},"loc":{"start":{"line":40,"column":97},"end":{"line":44,"column":7}},"line":40},"9":{"name":"(anonymous_9)","decl":{"start":{"line":47,"column":34},"end":{"line":47,"column":35}},"loc":{"start":{"line":47,"column":46},"end":{"line":108,"column":3}},"line":47},"10":{"name":"(anonymous_10)","decl":{"start":{"line":48,"column":32},"end":{"line":48,"column":33}},"loc":{"start":{"line":48,"column":48},"end":{"line":57,"column":5}},"line":48},"11":{"name":"(anonymous_11)","decl":{"start":{"line":52,"column":13},"end":{"line":52,"column":14}},"loc":{"start":{"line":52,"column":33},"end":{"line":56,"column":7}},"line":52},"12":{"name":"(anonymous_12)","decl":{"start":{"line":58,"column":23},"end":{"line":58,"column":24}},"loc":{"start":{"line":58,"column":39},"end":{"line":67,"column":5}},"line":58},"13":{"name":"(anonymous_13)","decl":{"start":{"line":62,"column":13},"end":{"line":62,"column":14}},"loc":{"start":{"line":62,"column":33},"end":{"line":66,"column":7}},"line":62},"14":{"name":"(anonymous_14)","decl":{"start":{"line":68,"column":29},"end":{"line":68,"column":30}},"loc":{"start":{"line":68,"column":45},"end":{"line":77,"column":5}},"line":68},"15":{"name":"(anonymous_15)","decl":{"start":{"line":72,"column":13},"end":{"line":72,"column":14}},"loc":{"start":{"line":72,"column":33},"end":{"line":76,"column":7}},"line":72},"16":{"name":"(anonymous_16)","decl":{"start":{"line":78,"column":34},"end":{"line":78,"column":35}},"loc":{"start":{"line":78,"column":50},"end":{"line":87,"column":5}},"line":78},"17":{"name":"(anonymous_17)","decl":{"start":{"line":82,"column":13},"end":{"line":82,"column":14}},"loc":{"start":{"line":82,"column":33},"end":{"line":86,"column":7}},"line":82},"18":{"name":"(anonymous_18)","decl":{"start":{"line":88,"column":30},"end":{"line":88,"column":31}},"loc":{"start":{"line":88,"column":46},"end":{"line":97,"column":5}},"line":88},"19":{"name":"(anonymous_19)","decl":{"start":{"line":92,"column":13},"end":{"line":92,"column":14}},"loc":{"start":{"line":92,"column":33},"end":{"line":96,"column":7}},"line":92},"20":{"name":"(anonymous_20)","decl":{"start":{"line":98,"column":25},"end":{"line":98,"column":26}},"loc":{"start":{"line":98,"column":41},"end":{"line":107,"column":5}},"line":98},"21":{"name":"(anonymous_21)","decl":{"start":{"line":102,"column":13},"end":{"line":102,"column":14}},"loc":{"start":{"line":102,"column":33},"end":{"line":106,"column":7}},"line":102},"22":{"name":"(anonymous_22)","decl":{"start":{"line":109,"column":36},"end":{"line":109,"column":37}},"loc":{"start":{"line":109,"column":48},"end":{"line":138,"column":3}},"line":109},"23":{"name":"(anonymous_23)","decl":{"start":{"line":110,"column":23},"end":{"line":110,"column":24}},"loc":{"start":{"line":110,"column":39},"end":{"line":116,"column":5}},"line":110},"24":{"name":"(anonymous_24)","decl":{"start":{"line":111,"column":75},"end":{"line":111,"column":76}},"loc":{"start":{"line":111,"column":95},"end":{"line":115,"column":7}},"line":111},"25":{"name":"(anonymous_25)","decl":{"start":{"line":117,"column":28},"end":{"line":117,"column":29}},"loc":{"start":{"line":117,"column":44},"end":{"line":123,"column":5}},"line":117},"26":{"name":"(anonymous_26)","decl":{"start":{"line":118,"column":79},"end":{"line":118,"column":80}},"loc":{"start":{"line":118,"column":99},"end":{"line":122,"column":7}},"line":118},"27":{"name":"(anonymous_27)","decl":{"start":{"line":124,"column":36},"end":{"line":124,"column":37}},"loc":{"start":{"line":124,"column":52},"end":{"line":130,"column":5}},"line":124},"28":{"name":"(anonymous_28)","decl":{"start":{"line":125,"column":87},"end":{"line":125,"column":88}},"loc":{"start":{"line":125,"column":107},"end":{"line":129,"column":7}},"line":125},"29":{"name":"(anonymous_29)","decl":{"start":{"line":131,"column":31},"end":{"line":131,"column":32}},"loc":{"start":{"line":131,"column":47},"end":{"line":137,"column":5}},"line":131},"30":{"name":"(anonymous_30)","decl":{"start":{"line":132,"column":83},"end":{"line":132,"column":84}},"loc":{"start":{"line":132,"column":103},"end":{"line":136,"column":7}},"line":132},"31":{"name":"(anonymous_31)","decl":{"start":{"line":139,"column":39},"end":{"line":139,"column":40}},"loc":{"start":{"line":139,"column":51},"end":{"line":150,"column":3}},"line":139},"32":{"name":"(anonymous_32)","decl":{"start":{"line":140,"column":26},"end":{"line":140,"column":27}},"loc":{"start":{"line":140,"column":42},"end":{"line":149,"column":5}},"line":140},"33":{"name":"(anonymous_33)","decl":{"start":{"line":144,"column":13},"end":{"line":144,"column":14}},"loc":{"start":{"line":144,"column":33},"end":{"line":148,"column":7}},"line":144}},"branchMap":{"0":{"loc":{"start":{"line":9,"column":46},"end":{"line":9,"column":94}},"type":"cond-expr","locations":[{"start":{"line":9,"column":70},"end":{"line":9,"column":73}},{"start":{"line":9,"column":76},"end":{"line":9,"column":94}}],"line":9},"1":{"loc":{"start":{"line":9,"column":46},"end":{"line":9,"column":67}},"type":"binary-expr","locations":[{"start":{"line":9,"column":46},"end":{"line":9,"column":49}},{"start":{"line":9,"column":53},"end":{"line":9,"column":67}}],"line":9}},"s":{"0":1,"1":1,"2":1,"3":3,"4":1,"5":1,"6":1,"7":1,"8":1,"9":1,"10":0,"11":0,"12":0,"13":1,"14":1,"15":1,"16":0,"17":0,"18":0,"19":1,"20":1,"21":1,"22":0,"23":0,"24":0,"25":1,"26":1,"27":1,"28":0,"29":0,"30":0,"31":1,"32":1,"33":0,"34":0,"35":0,"36":1,"37":1,"38":0,"39":0,"40":0,"41":1,"42":1,"43":0,"44":0,"45":0,"46":1,"47":1,"48":0,"49":0,"50":0,"51":1,"52":1,"53":0,"54":0,"55":0,"56":1,"57":1,"58":1,"59":0,"60":0,"61":1,"62":1,"63":0,"64":0,"65":1,"66":1,"67":0,"68":0,"69":1,"70":1,"71":0,"72":0,"73":1,"74":1,"75":1,"76":0,"77":0},"f":{"0":3,"1":1,"2":1,"3":1,"4":0,"5":1,"6":0,"7":1,"8":0,"9":1,"10":1,"11":0,"12":1,"13":0,"14":1,"15":0,"16":1,"17":0,"18":1,"19":0,"20":1,"21":0,"22":1,"23":1,"24":0,"25":1,"26":0,"27":1,"28":0,"29":1,"30":0,"31":1,"32":1,"33":0},"b":{"0":[0,3],"1":[3,3]},"_coverageSchema":"43e27e138ebf9cfc5966b082cf9a028302ed4184","hash":"9a0b8b9a17eccd1b46173be90018a205304b4b7d","contentHash":"3354b1c62b4027a9c1690ef20de9d5f314364b5a75a750da1d3aa00fed58f883"},"C:\\Users\\HAMMED\\Documents\\GitHub\\Teamwork\\src\\app.js":{"path":"C:\\Users\\HAMMED\\Documents\\GitHub\\Teamwork\\src\\app.js","statementMap":{"0":{"start":{"line":3,"column":0},"end":{"line":3,"column":27}},"1":{"start":{"line":5,"column":18},"end":{"line":5,"column":64}},"2":{"start":{"line":7,"column":20},"end":{"line":7,"column":68}},"3":{"start":{"line":9,"column":14},"end":{"line":9,"column":55}},"4":{"start":{"line":11,"column":15},"end":{"line":11,"column":57}},"5":{"start":{"line":13,"column":13},"end":{"line":13,"column":53}},"6":{"start":{"line":15,"column":14},"end":{"line":15,"column":55}},"7":{"start":{"line":17,"column":13},"end":{"line":17,"column":53}},"8":{"start":{"line":19,"column":14},"end":{"line":19,"column":64}},"9":{"start":{"line":21,"column":14},"end":{"line":21,"column":57}},"10":{"start":{"line":23,"column":39},"end":{"line":23,"column":95}},"11":{"start":{"line":25,"column":0},"end":{"line":25,"column":28}},"12":{"start":{"line":27,"column":10},"end":{"line":27,"column":36}},"13":{"start":{"line":29,"column":0},"end":{"line":34,"column":3}},"14":{"start":{"line":30,"column":2},"end":{"line":30,"column":52}},"15":{"start":{"line":31,"column":2},"end":{"line":31,"column":122}},"16":{"start":{"line":32,"column":2},"end":{"line":32,"column":90}},"17":{"start":{"line":33,"column":2},"end":{"line":33,"column":9}},"18":{"start":{"line":35,"column":0},"end":{"line":37,"column":4}},"19":{"start":{"line":38,"column":0},"end":{"line":38,"column":39}},"20":{"start":{"line":39,"column":0},"end":{"line":39,"column":41}},"21":{"start":{"line":40,"column":0},"end":{"line":40,"column":45}},"22":{"start":{"line":41,"column":0},"end":{"line":41,"column":38}},"23":{"start":{"line":43,"column":0},"end":{"line":43,"column":41}},"24":{"start":{"line":45,"column":0},"end":{"line":45,"column":36}},"25":{"start":{"line":47,"column":0},"end":{"line":47,"column":41}},"26":{"start":{"line":49,"column":0},"end":{"line":49,"column":40}},"27":{"start":{"line":51,"column":0},"end":{"line":51,"column":32}},"28":{"start":{"line":53,"column":0},"end":{"line":53,"column":39}},"29":{"start":{"line":54,"column":0},"end":{"line":56,"column":3}},"30":{"start":{"line":55,"column":2},"end":{"line":55,"column":42}},"31":{"start":{"line":57,"column":11},"end":{"line":57,"column":49}},"32":{"start":{"line":58,"column":0},"end":{"line":60,"column":3}},"33":{"start":{"line":59,"column":2},"end":{"line":59,"column":66}}},"fnMap":{"0":{"name":"_interopRequireDefault","decl":{"start":{"line":23,"column":9},"end":{"line":23,"column":31}},"loc":{"start":{"line":23,"column":37},"end":{"line":23,"column":97}},"line":23},"1":{"name":"(anonymous_1)","decl":{"start":{"line":29,"column":8},"end":{"line":29,"column":9}},"loc":{"start":{"line":29,"column":34},"end":{"line":34,"column":1}},"line":29},"2":{"name":"(anonymous_2)","decl":{"start":{"line":54,"column":13},"end":{"line":54,"column":14}},"loc":{"start":{"line":54,"column":33},"end":{"line":56,"column":1}},"line":54},"3":{"name":"(anonymous_3)","decl":{"start":{"line":58,"column":17},"end":{"line":58,"column":18}},"loc":{"start":{"line":58,"column":29},"end":{"line":60,"column":1}},"line":58}},"branchMap":{"0":{"loc":{"start":{"line":23,"column":46},"end":{"line":23,"column":94}},"type":"cond-expr","locations":[{"start":{"line":23,"column":70},"end":{"line":23,"column":73}},{"start":{"line":23,"column":76},"end":{"line":23,"column":94}}],"line":23},"1":{"loc":{"start":{"line":23,"column":46},"end":{"line":23,"column":67}},"type":"binary-expr","locations":[{"start":{"line":23,"column":46},"end":{"line":23,"column":49}},{"start":{"line":23,"column":53},"end":{"line":23,"column":67}}],"line":23},"2":{"loc":{"start":{"line":57,"column":11},"end":{"line":57,"column":49}},"type":"binary-expr","locations":[{"start":{"line":57,"column":11},"end":{"line":57,"column":41}},{"start":{"line":57,"column":45},"end":{"line":57,"column":49}}],"line":57}},"s":{"0":1,"1":1,"2":1,"3":1,"4":1,"5":1,"6":1,"7":1,"8":1,"9":1,"10":9,"11":1,"12":1,"13":1,"14":0,"15":0,"16":0,"17":0,"18":1,"19":1,"20":1,"21":1,"22":1,"23":1,"24":1,"25":1,"26":1,"27":1,"28":1,"29":1,"30":0,"31":1,"32":1,"33":1},"f":{"0":9,"1":0,"2":0,"3":1},"b":{"0":[2,7],"1":[9,9],"2":[1,1]},"_coverageSchema":"43e27e138ebf9cfc5966b082cf9a028302ed4184","hash":"15b20171fac6377e8647f02ba5d46341966d169b","contentHash":"a91bcf32766870c80ff4d4b3736286a9e881860ad3fd40b4c715dd747ffd6a02"},"C:\\Users\\HAMMED\\Documents\\GitHub\\Teamwork\\src\\models\\tables.js":{"path":"C:\\Users\\HAMMED\\Documents\\GitHub\\Teamwork\\src\\models\\tables.js","statementMap":{"0":{"start":{"line":3,"column":0},"end":{"line":5,"column":3}},"1":{"start":{"line":6,"column":0},"end":{"line":6,"column":28}},"2":{"start":{"line":8,"column":13},"end":{"line":8,"column":53}},"3":{"start":{"line":10,"column":17},"end":{"line":10,"column":73}},"4":{"start":{"line":12,"column":39},"end":{"line":12,"column":95}},"5":{"start":{"line":16,"column":13},"end":{"line":60,"column":1}},"6":{"start":{"line":19,"column":19},"end":{"line":19,"column":461}},"7":{"start":{"line":21,"column":4},"end":{"line":25,"column":7}},"8":{"start":{"line":22,"column":6},"end":{"line":22,"column":82}},"9":{"start":{"line":24,"column":6},"end":{"line":24,"column":43}},"10":{"start":{"line":28,"column":14},"end":{"line":28,"column":237}},"11":{"start":{"line":30,"column":4},"end":{"line":34,"column":7}},"12":{"start":{"line":31,"column":6},"end":{"line":31,"column":77}},"13":{"start":{"line":33,"column":6},"end":{"line":33,"column":43}},"14":{"start":{"line":37,"column":19},"end":{"line":37,"column":253}},"15":{"start":{"line":39,"column":4},"end":{"line":43,"column":7}},"16":{"start":{"line":40,"column":6},"end":{"line":40,"column":82}},"17":{"start":{"line":42,"column":6},"end":{"line":42,"column":43}},"18":{"start":{"line":46,"column":18},"end":{"line":46,"column":253}},"19":{"start":{"line":48,"column":4},"end":{"line":52,"column":7}},"20":{"start":{"line":49,"column":6},"end":{"line":49,"column":81}},"21":{"start":{"line":51,"column":6},"end":{"line":51,"column":43}},"22":{"start":{"line":56,"column":4},"end":{"line":58,"column":7}},"23":{"start":{"line":57,"column":6},"end":{"line":57,"column":95}},"24":{"start":{"line":62,"column":15},"end":{"line":62,"column":21}},"25":{"start":{"line":63,"column":0},"end":{"line":63,"column":30}}},"fnMap":{"0":{"name":"_interopRequireDefault","decl":{"start":{"line":12,"column":9},"end":{"line":12,"column":31}},"loc":{"start":{"line":12,"column":37},"end":{"line":12,"column":97}},"line":12},"1":{"name":"createEmployeeTable","decl":{"start":{"line":18,"column":32},"end":{"line":18,"column":51}},"loc":{"start":{"line":18,"column":54},"end":{"line":26,"column":3}},"line":18},"2":{"name":"(anonymous_2)","decl":{"start":{"line":21,"column":47},"end":{"line":21,"column":48}},"loc":{"start":{"line":21,"column":62},"end":{"line":23,"column":5}},"line":21},"3":{"name":"(anonymous_3)","decl":{"start":{"line":23,"column":16},"end":{"line":23,"column":17}},"loc":{"start":{"line":23,"column":31},"end":{"line":25,"column":5}},"line":23},"4":{"name":"createGifTable","decl":{"start":{"line":27,"column":27},"end":{"line":27,"column":41}},"loc":{"start":{"line":27,"column":44},"end":{"line":35,"column":3}},"line":27},"5":{"name":"(anonymous_5)","decl":{"start":{"line":30,"column":42},"end":{"line":30,"column":43}},"loc":{"start":{"line":30,"column":57},"end":{"line":32,"column":5}},"line":30},"6":{"name":"(anonymous_6)","decl":{"start":{"line":32,"column":16},"end":{"line":32,"column":17}},"loc":{"start":{"line":32,"column":31},"end":{"line":34,"column":5}},"line":32},"7":{"name":"createArticlesTable","decl":{"start":{"line":36,"column":32},"end":{"line":36,"column":51}},"loc":{"start":{"line":36,"column":54},"end":{"line":44,"column":3}},"line":36},"8":{"name":"(anonymous_8)","decl":{"start":{"line":39,"column":47},"end":{"line":39,"column":48}},"loc":{"start":{"line":39,"column":62},"end":{"line":41,"column":5}},"line":39},"9":{"name":"(anonymous_9)","decl":{"start":{"line":41,"column":16},"end":{"line":41,"column":17}},"loc":{"start":{"line":41,"column":31},"end":{"line":43,"column":5}},"line":41},"10":{"name":"createCommentTable","decl":{"start":{"line":45,"column":31},"end":{"line":45,"column":49}},"loc":{"start":{"line":45,"column":52},"end":{"line":53,"column":3}},"line":45},"11":{"name":"(anonymous_11)","decl":{"start":{"line":48,"column":46},"end":{"line":48,"column":47}},"loc":{"start":{"line":48,"column":61},"end":{"line":50,"column":5}},"line":48},"12":{"name":"(anonymous_12)","decl":{"start":{"line":50,"column":16},"end":{"line":50,"column":17}},"loc":{"start":{"line":50,"column":31},"end":{"line":52,"column":5}},"line":50},"13":{"name":"disconnect","decl":{"start":{"line":54,"column":23},"end":{"line":54,"column":33}},"loc":{"start":{"line":54,"column":36},"end":{"line":59,"column":3}},"line":54},"14":{"name":"(anonymous_14)","decl":{"start":{"line":56,"column":39},"end":{"line":56,"column":40}},"loc":{"start":{"line":56,"column":51},"end":{"line":58,"column":5}},"line":56}},"branchMap":{"0":{"loc":{"start":{"line":12,"column":46},"end":{"line":12,"column":94}},"type":"cond-expr","locations":[{"start":{"line":12,"column":70},"end":{"line":12,"column":73}},{"start":{"line":12,"column":76},"end":{"line":12,"column":94}}],"line":12},"1":{"loc":{"start":{"line":12,"column":46},"end":{"line":12,"column":67}},"type":"binary-expr","locations":[{"start":{"line":12,"column":46},"end":{"line":12,"column":49}},{"start":{"line":12,"column":53},"end":{"line":12,"column":67}}],"line":12}},"s":{"0":1,"1":1,"2":1,"3":1,"4":2,"5":1,"6":1,"7":1,"8":0,"9":0,"10":1,"11":1,"12":0,"13":0,"14":1,"15":1,"16":0,"17":0,"18":1,"19":1,"20":0,"21":0,"22":1,"23":0,"24":1,"25":1},"f":{"0":2,"1":1,"2":0,"3":0,"4":1,"5":0,"6":0,"7":1,"8":0,"9":0,"10":1,"11":0,"12":0,"13":1,"14":0},"b":{"0":[0,2],"1":[2,2]},"_coverageSchema":"43e27e138ebf9cfc5966b082cf9a028302ed4184","hash":"2d5fccce9bfe8dd2acb2d981bf7a2981f9347316","contentHash":"efc46cd7d0b757e9345cc02618cb54cfe524a866fcdfd705d8532edd5f71e4ec"},"C:\\Users\\HAMMED\\Documents\\GitHub\\Teamwork\\src\\database\\dbconnect.js":{"path":"C:\\Users\\HAMMED\\Documents\\GitHub\\Teamwork\\src\\database\\dbconnect.js","statementMap":{"0":{"start":{"line":3,"column":10},"end":{"line":3,"column":47}},"1":{"start":{"line":5,"column":13},"end":{"line":5,"column":53}},"2":{"start":{"line":7,"column":39},"end":{"line":7,"column":95}},"3":{"start":{"line":10,"column":13},"end":{"line":19,"column":1}},"4":{"start":{"line":21,"column":11},"end":{"line":21,"column":38}},"5":{"start":{"line":23,"column":0},"end":{"line":25,"column":3}},"6":{"start":{"line":24,"column":2},"end":{"line":24,"column":70}},"7":{"start":{"line":26,"column":0},"end":{"line":26,"column":22}}},"fnMap":{"0":{"name":"_interopRequireDefault","decl":{"start":{"line":7,"column":9},"end":{"line":7,"column":31}},"loc":{"start":{"line":7,"column":37},"end":{"line":7,"column":97}},"line":7},"1":{"name":"(anonymous_1)","decl":{"start":{"line":23,"column":19},"end":{"line":23,"column":20}},"loc":{"start":{"line":23,"column":31},"end":{"line":25,"column":1}},"line":23}},"branchMap":{"0":{"loc":{"start":{"line":7,"column":46},"end":{"line":7,"column":94}},"type":"cond-expr","locations":[{"start":{"line":7,"column":70},"end":{"line":7,"column":73}},{"start":{"line":7,"column":76},"end":{"line":7,"column":94}}],"line":7},"1":{"loc":{"start":{"line":7,"column":46},"end":{"line":7,"column":67}},"type":"binary-expr","locations":[{"start":{"line":7,"column":46},"end":{"line":7,"column":49}},{"start":{"line":7,"column":53},"end":{"line":7,"column":67}}],"line":7}},"s":{"0":1,"1":1,"2":2,"3":1,"4":1,"5":1,"6":4,"7":1},"f":{"0":2,"1":4},"b":{"0":[0,2],"1":[2,2]},"_coverageSchema":"43e27e138ebf9cfc5966b082cf9a028302ed4184","hash":"7271143499b3ad7221be148ea56993b670a7aae0","contentHash":"76b1e3a9b8fc5dd55aa4f9623571abeea2fc38dd333f71dc634ad41bedaa9e96"},"C:\\Users\\HAMMED\\Documents\\GitHub\\Teamwork\\src\\routes\\index.js":{"path":"C:\\Users\\HAMMED\\Documents\\GitHub\\Teamwork\\src\\routes\\index.js","statementMap":{"0":{"start":{"line":3,"column":0},"end":{"line":5,"column":3}},"1":{"start":{"line":6,"column":0},"end":{"line":6,"column":28}},"2":{"start":{"line":8,"column":15},"end":{"line":8,"column":57}},"3":{"start":{"line":10,"column":17},"end":{"line":10,"column":76}},"4":{"start":{"line":12,"column":21},"end":{"line":12,"column":84}},"5":{"start":{"line":14,"column":13},"end":{"line":14,"column":68}},"6":{"start":{"line":16,"column":12},"end":{"line":16,"column":66}},"7":{"start":{"line":18,"column":16},"end":{"line":18,"column":74}},"8":{"start":{"line":20,"column":39},"end":{"line":20,"column":95}},"9":{"start":{"line":22,"column":13},"end":{"line":22,"column":41}},"10":{"start":{"line":25,"column":0},"end":{"line":25,"column":59}},"11":{"start":{"line":26,"column":0},"end":{"line":26,"column":52}},"12":{"start":{"line":28,"column":0},"end":{"line":28,"column":46}},"13":{"start":{"line":30,"column":0},"end":{"line":30,"column":61}},"14":{"start":{"line":32,"column":0},"end":{"line":32,"column":65}},"15":{"start":{"line":34,"column":0},"end":{"line":34,"column":54}},"16":{"start":{"line":36,"column":0},"end":{"line":36,"column":64}},"17":{"start":{"line":38,"column":0},"end":{"line":38,"column":73}},"18":{"start":{"line":40,"column":0},"end":{"line":40,"column":77}},"19":{"start":{"line":42,"column":0},"end":{"line":42,"column":82}},"20":{"start":{"line":44,"column":0},"end":{"line":44,"column":70}},"21":{"start":{"line":46,"column":0},"end":{"line":46,"column":62}},"22":{"start":{"line":48,"column":0},"end":{"line":48,"column":63}},"23":{"start":{"line":50,"column":0},"end":{"line":50,"column":52}},"24":{"start":{"line":51,"column":15},"end":{"line":51,"column":21}},"25":{"start":{"line":52,"column":0},"end":{"line":52,"column":30}}},"fnMap":{"0":{"name":"_interopRequireDefault","decl":{"start":{"line":20,"column":9},"end":{"line":20,"column":31}},"loc":{"start":{"line":20,"column":37},"end":{"line":20,"column":97}},"line":20}},"branchMap":{"0":{"loc":{"start":{"line":20,"column":46},"end":{"line":20,"column":94}},"type":"cond-expr","locations":[{"start":{"line":20,"column":70},"end":{"line":20,"column":73}},{"start":{"line":20,"column":76},"end":{"line":20,"column":94}}],"line":20},"1":{"loc":{"start":{"line":20,"column":46},"end":{"line":20,"column":67}},"type":"binary-expr","locations":[{"start":{"line":20,"column":46},"end":{"line":20,"column":49}},{"start":{"line":20,"column":53},"end":{"line":20,"column":67}}],"line":20}},"s":{"0":1,"1":1,"2":1,"3":1,"4":1,"5":1,"6":1,"7":1,"8":6,"9":1,"10":1,"11":1,"12":1,"13":1,"14":1,"15":1,"16":1,"17":1,"18":1,"19":1,"20":1,"21":1,"22":1,"23":1,"24":1,"25":1},"f":{"0":6},"b":{"0":[5,1],"1":[6,6]},"_coverageSchema":"43e27e138ebf9cfc5966b082cf9a028302ed4184","hash":"4c9c614925106dc69ac8e540a5790b1df921eade","contentHash":"29efe351b3eb8b6faf469da50b0f6aaf8e8243db4c0e894c767fa9e498acaa2b"},"C:\\Users\\HAMMED\\Documents\\GitHub\\Teamwork\\src\\middlewares\\validator.js":{"path":"C:\\Users\\HAMMED\\Documents\\GitHub\\Teamwork\\src\\middlewares\\validator.js","statementMap":{"0":{"start":{"line":3,"column":0},"end":{"line":5,"column":3}},"1":{"start":{"line":6,"column":0},"end":{"line":6,"column":28}},"2":{"start":{"line":8,"column":25},"end":{"line":8,"column":90}},"3":{"start":{"line":10,"column":15},"end":{"line":10,"column":46}},"4":{"start":{"line":12,"column":39},"end":{"line":12,"column":95}},"5":{"start":{"line":14,"column":35},"end":{"line":14,"column":115}},"6":{"start":{"line":16,"column":32},"end":{"line":16,"column":103}},"7":{"start":{"line":18,"column":34},"end":{"line":18,"column":160}},"8":{"start":{"line":18,"column":136},"end":{"line":18,"column":160}},"9":{"start":{"line":20,"column":35},"end":{"line":20,"column":164}},"10":{"start":{"line":20,"column":61},"end":{"line":20,"column":149}},"11":{"start":{"line":20,"column":74},"end":{"line":20,"column":75}},"12":{"start":{"line":20,"column":84},"end":{"line":20,"column":105}},"13":{"start":{"line":20,"column":130},"end":{"line":20,"column":147}},"14":{"start":{"line":20,"column":150},"end":{"line":20,"column":162}},"15":{"start":{"line":22,"column":26},"end":{"line":22,"column":75}},"16":{"start":{"line":23,"column":27},"end":{"line":23,"column":77}},"17":{"start":{"line":24,"column":15},"end":{"line":77,"column":1}},"18":{"start":{"line":26,"column":17},"end":{"line":26,"column":19}},"19":{"start":{"line":27,"column":20},"end":{"line":27,"column":28}},"20":{"start":{"line":28,"column":20},"end":{"line":28,"column":39}},"21":{"start":{"line":29,"column":19},"end":{"line":29,"column":37}},"22":{"start":{"line":30,"column":16},"end":{"line":30,"column":31}},"23":{"start":{"line":31,"column":19},"end":{"line":31,"column":37}},"24":{"start":{"line":33,"column":4},"end":{"line":36,"column":5}},"25":{"start":{"line":34,"column":6},"end":{"line":34,"column":98}},"26":{"start":{"line":35,"column":6},"end":{"line":35,"column":96}},"27":{"start":{"line":38,"column":4},"end":{"line":38,"column":117}},"28":{"start":{"line":39,"column":4},"end":{"line":39,"column":118}},"29":{"start":{"line":41,"column":4},"end":{"line":46,"column":5}},"30":{"start":{"line":42,"column":6},"end":{"line":45,"column":9}},"31":{"start":{"line":48,"column":4},"end":{"line":48,"column":18}},"32":{"start":{"line":51,"column":17},"end":{"line":51,"column":19}},"33":{"start":{"line":52,"column":21},"end":{"line":52,"column":29}},"34":{"start":{"line":53,"column":19},"end":{"line":53,"column":38}},"35":{"start":{"line":54,"column":15},"end":{"line":54,"column":30}},"36":{"start":{"line":55,"column":22},"end":{"line":55,"column":44}},"37":{"start":{"line":56,"column":4},"end":{"line":56,"column":93}},"38":{"start":{"line":57,"column":4},"end":{"line":57,"column":85}},"39":{"start":{"line":58,"column":4},"end":{"line":58,"column":127}},"40":{"start":{"line":60,"column":4},"end":{"line":65,"column":5}},"41":{"start":{"line":61,"column":6},"end":{"line":64,"column":9}},"42":{"start":{"line":67,"column":4},"end":{"line":67,"column":18}},"43":{"start":{"line":70,"column":22},"end":{"line":70,"column":44}},"44":{"start":{"line":71,"column":23},"end":{"line":71,"column":48}},"45":{"start":{"line":72,"column":18},"end":{"line":72,"column":48}},"46":{"start":{"line":73,"column":28},"end":{"line":73,"column":44}},"47":{"start":{"line":74,"column":4},"end":{"line":74,"column":52}},"48":{"start":{"line":74,"column":38},"end":{"line":74,"column":52}},"49":{"start":{"line":75,"column":4},"end":{"line":75,"column":80}},"50":{"start":{"line":78,"column":0},"end":{"line":78,"column":30}}},"fnMap":{"0":{"name":"_interopRequireDefault","decl":{"start":{"line":12,"column":9},"end":{"line":12,"column":31}},"loc":{"start":{"line":12,"column":37},"end":{"line":12,"column":97}},"line":12},"1":{"name":"_toConsumableArray","decl":{"start":{"line":14,"column":9},"end":{"line":14,"column":27}},"loc":{"start":{"line":14,"column":33},"end":{"line":14,"column":117}},"line":14},"2":{"name":"_nonIterableSpread","decl":{"start":{"line":16,"column":9},"end":{"line":16,"column":27}},"loc":{"start":{"line":16,"column":30},"end":{"line":16,"column":105}},"line":16},"3":{"name":"_iterableToArray","decl":{"start":{"line":18,"column":9},"end":{"line":18,"column":25}},"loc":{"start":{"line":18,"column":32},"end":{"line":18,"column":162}},"line":18},"4":{"name":"_arrayWithoutHoles","decl":{"start":{"line":20,"column":9},"end":{"line":20,"column":27}},"loc":{"start":{"line":20,"column":33},"end":{"line":20,"column":166}},"line":20},"5":{"name":"auth","decl":{"start":{"line":25,"column":17},"end":{"line":25,"column":21}},"loc":{"start":{"line":25,"column":38},"end":{"line":49,"column":3}},"line":25},"6":{"name":"inventory","decl":{"start":{"line":50,"column":22},"end":{"line":50,"column":31}},"loc":{"start":{"line":50,"column":48},"end":{"line":68,"column":3}},"line":50},"7":{"name":"checkInventoryParams","decl":{"start":{"line":69,"column":33},"end":{"line":69,"column":53}},"loc":{"start":{"line":69,"column":70},"end":{"line":76,"column":3}},"line":69}},"branchMap":{"0":{"loc":{"start":{"line":12,"column":46},"end":{"line":12,"column":94}},"type":"cond-expr","locations":[{"start":{"line":12,"column":70},"end":{"line":12,"column":73}},{"start":{"line":12,"column":76},"end":{"line":12,"column":94}}],"line":12},"1":{"loc":{"start":{"line":12,"column":46},"end":{"line":12,"column":67}},"type":"binary-expr","locations":[{"start":{"line":12,"column":46},"end":{"line":12,"column":49}},{"start":{"line":12,"column":53},"end":{"line":12,"column":67}}],"line":12},"2":{"loc":{"start":{"line":14,"column":42},"end":{"line":14,"column":114}},"type":"binary-expr","locations":[{"start":{"line":14,"column":42},"end":{"line":14,"column":65}},{"start":{"line":14,"column":69},"end":{"line":14,"column":90}},{"start":{"line":14,"column":94},"end":{"line":14,"column":114}}],"line":14},"3":{"loc":{"start":{"line":18,"column":34},"end":{"line":18,"column":160}},"type":"if","locations":[{"start":{"line":18,"column":34},"end":{"line":18,"column":160}},{"start":{"line":18,"column":34},"end":{"line":18,"column":160}}],"line":18},"4":{"loc":{"start":{"line":18,"column":38},"end":{"line":18,"column":134}},"type":"binary-expr","locations":[{"start":{"line":18,"column":38},"end":{"line":18,"column":69}},{"start":{"line":18,"column":73},"end":{"line":18,"column":134}}],"line":18},"5":{"loc":{"start":{"line":20,"column":35},"end":{"line":20,"column":164}},"type":"if","locations":[{"start":{"line":20,"column":35},"end":{"line":20,"column":164}},{"start":{"line":20,"column":35},"end":{"line":20,"column":164}}],"line":20},"6":{"loc":{"start":{"line":33,"column":4},"end":{"line":36,"column":5}},"type":"if","locations":[{"start":{"line":33,"column":4},"end":{"line":36,"column":5}},{"start":{"line":33,"column":4},"end":{"line":36,"column":5}}],"line":33},"7":{"loc":{"start":{"line":41,"column":4},"end":{"line":46,"column":5}},"type":"if","locations":[{"start":{"line":41,"column":4},"end":{"line":46,"column":5}},{"start":{"line":41,"column":4},"end":{"line":46,"column":5}}],"line":41},"8":{"loc":{"start":{"line":60,"column":4},"end":{"line":65,"column":5}},"type":"if","locations":[{"start":{"line":60,"column":4},"end":{"line":65,"column":5}},{"start":{"line":60,"column":4},"end":{"line":65,"column":5}}],"line":60},"9":{"loc":{"start":{"line":74,"column":4},"end":{"line":74,"column":52}},"type":"if","locations":[{"start":{"line":74,"column":4},"end":{"line":74,"column":52}},{"start":{"line":74,"column":4},"end":{"line":74,"column":52}}],"line":74},"10":{"loc":{"start":{"line":74,"column":8},"end":{"line":74,"column":36}},"type":"binary-expr","locations":[{"start":{"line":74,"column":8},"end":{"line":74,"column":15}},{"start":{"line":74,"column":19},"end":{"line":74,"column":36}}],"line":74}},"s":{"0":1,"1":1,"2":1,"3":1,"4":1,"5":0,"6":0,"7":0,"8":0,"9":0,"10":0,"11":0,"12":0,"13":0,"14":0,"15":1,"16":1,"17":1,"18":0,"19":0,"20":0,"21":0,"22":0,"23":0,"24":0,"25":0,"26":0,"27":0,"28":0,"29":0,"30":0,"31":0,"32":0,"33":0,"34":0,"35":0,"36":0,"37":0,"38":0,"39":0,"40":0,"41":0,"42":0,"43":0,"44":0,"45":0,"46":0,"47":0,"48":0,"49":0,"50":1},"f":{"0":1,"1":0,"2":0,"3":0,"4":0,"5":0,"6":0,"7":0},"b":{"0":[1,0],"1":[1,1],"2":[0,0,0],"3":[0,0],"4":[0,0],"5":[0,0],"6":[0,0],"7":[0,0],"8":[0,0],"9":[0,0],"10":[0,0]},"_coverageSchema":"43e27e138ebf9cfc5966b082cf9a028302ed4184","hash":"5256d1337b87006e311f8d675999d762d5fb253a","contentHash":"1284c2cb601a114b93899513795bf7455e886cb3c1f3c4fe037d7057fad4a821"},"C:\\Users\\HAMMED\\Documents\\GitHub\\Teamwork\\src\\utilities\\validationHelpers.js":{"path":"C:\\Users\\HAMMED\\Documents\\GitHub\\Teamwork\\src\\utilities\\validationHelpers.js","statementMap":{"0":{"start":{"line":3,"column":0},"end":{"line":5,"column":3}},"1":{"start":{"line":6,"column":0},"end":{"line":6,"column":28}},"2":{"start":{"line":7,"column":15},"end":{"line":16,"column":1}},"3":{"start":{"line":9,"column":4},"end":{"line":9,"column":75}},"4":{"start":{"line":9,"column":33},"end":{"line":9,"column":75}},"5":{"start":{"line":10,"column":4},"end":{"line":10,"column":14}},"6":{"start":{"line":13,"column":4},"end":{"line":13,"column":69}},"7":{"start":{"line":13,"column":28},"end":{"line":13,"column":69}},"8":{"start":{"line":14,"column":4},"end":{"line":14,"column":14}},"9":{"start":{"line":17,"column":0},"end":{"line":17,"column":30}}},"fnMap":{"0":{"name":"checkForEmptyFields","decl":{"start":{"line":8,"column":32},"end":{"line":8,"column":51}},"loc":{"start":{"line":8,"column":66},"end":{"line":11,"column":3}},"line":8},"1":{"name":"checkPatternedFields","decl":{"start":{"line":12,"column":33},"end":{"line":12,"column":53}},"loc":{"start":{"line":12,"column":75},"end":{"line":15,"column":3}},"line":12}},"branchMap":{"0":{"loc":{"start":{"line":9,"column":4},"end":{"line":9,"column":75}},"type":"if","locations":[{"start":{"line":9,"column":4},"end":{"line":9,"column":75}},{"start":{"line":9,"column":4},"end":{"line":9,"column":75}}],"line":9},"1":{"loc":{"start":{"line":9,"column":8},"end":{"line":9,"column":31}},"type":"binary-expr","locations":[{"start":{"line":9,"column":8},"end":{"line":9,"column":14}},{"start":{"line":9,"column":18},"end":{"line":9,"column":31}}],"line":9},"2":{"loc":{"start":{"line":13,"column":4},"end":{"line":13,"column":69}},"type":"if","locations":[{"start":{"line":13,"column":4},"end":{"line":13,"column":69}},{"start":{"line":13,"column":4},"end":{"line":13,"column":69}}],"line":13}},"s":{"0":1,"1":1,"2":1,"3":0,"4":0,"5":0,"6":0,"7":0,"8":0,"9":1},"f":{"0":0,"1":0},"b":{"0":[0,0],"1":[0,0],"2":[0,0]},"_coverageSchema":"43e27e138ebf9cfc5966b082cf9a028302ed4184","hash":"ec35bf0de3c2947bc77552b789f13c7ab2c43a14","contentHash":"fc4a2f2a4a94b4f6773a158314416b91dd2e1a5c9b1a98311c30c6857c40c0a0"},"C:\\Users\\HAMMED\\Documents\\GitHub\\Teamwork\\src\\utilities\\regexen.js":{"path":"C:\\Users\\HAMMED\\Documents\\GitHub\\Teamwork\\src\\utilities\\regexen.js","statementMap":{"0":{"start":{"line":3,"column":0},"end":{"line":5,"column":3}},"1":{"start":{"line":6,"column":0},"end":{"line":6,"column":101}},"2":{"start":{"line":7,"column":17},"end":{"line":7,"column":76}},"3":{"start":{"line":8,"column":0},"end":{"line":8,"column":32}},"4":{"start":{"line":9,"column":18},"end":{"line":9,"column":24}},"5":{"start":{"line":10,"column":0},"end":{"line":10,"column":34}},"6":{"start":{"line":11,"column":20},"end":{"line":11,"column":29}},"7":{"start":{"line":12,"column":0},"end":{"line":12,"column":38}},"8":{"start":{"line":13,"column":23},"end":{"line":13,"column":40}},"9":{"start":{"line":14,"column":0},"end":{"line":14,"column":44}}},"fnMap":{},"branchMap":{},"s":{"0":1,"1":1,"2":1,"3":1,"4":1,"5":1,"6":1,"7":1,"8":1,"9":1},"f":{},"b":{},"_coverageSchema":"43e27e138ebf9cfc5966b082cf9a028302ed4184","hash":"79576b73d338c37ce35dbd0d28849ef44bf3ce0e","contentHash":"90c7972c2cc3fdd1d248cbf16067e105bfe5faa5e47bf0a0e8f80ebb5b4530db"},"C:\\Users\\HAMMED\\Documents\\GitHub\\Teamwork\\src\\middlewares\\authenticator.js":{"path":"C:\\Users\\HAMMED\\Documents\\GitHub\\Teamwork\\src\\middlewares\\authenticator.js","statementMap":{"0":{"start":{"line":3,"column":0},"end":{"line":5,"column":3}},"1":{"start":{"line":6,"column":0},"end":{"line":6,"column":28}},"2":{"start":{"line":8,"column":20},"end":{"line":8,"column":67}},"3":{"start":{"line":10,"column":39},"end":{"line":10,"column":95}},"4":{"start":{"line":12,"column":15},"end":{"line":27,"column":1}},"5":{"start":{"line":13,"column":14},"end":{"line":13,"column":31}},"6":{"start":{"line":14,"column":2},"end":{"line":14,"column":57}},"7":{"start":{"line":14,"column":14},"end":{"line":14,"column":57}},"8":{"start":{"line":16,"column":2},"end":{"line":26,"column":3}},"9":{"start":{"line":17,"column":15},"end":{"line":17,"column":73}},"10":{"start":{"line":19,"column":4},"end":{"line":19,"column":20}},"11":{"start":{"line":20,"column":4},"end":{"line":20,"column":18}},"12":{"start":{"line":22,"column":4},"end":{"line":25,"column":7}},"13":{"start":{"line":29,"column":0},"end":{"line":29,"column":30}}},"fnMap":{"0":{"name":"_interopRequireDefault","decl":{"start":{"line":10,"column":9},"end":{"line":10,"column":31}},"loc":{"start":{"line":10,"column":37},"end":{"line":10,"column":97}},"line":10},"1":{"name":"_default","decl":{"start":{"line":12,"column":24},"end":{"line":12,"column":32}},"loc":{"start":{"line":12,"column":49},"end":{"line":27,"column":1}},"line":12}},"branchMap":{"0":{"loc":{"start":{"line":10,"column":46},"end":{"line":10,"column":94}},"type":"cond-expr","locations":[{"start":{"line":10,"column":70},"end":{"line":10,"column":73}},{"start":{"line":10,"column":76},"end":{"line":10,"column":94}}],"line":10},"1":{"loc":{"start":{"line":10,"column":46},"end":{"line":10,"column":67}},"type":"binary-expr","locations":[{"start":{"line":10,"column":46},"end":{"line":10,"column":49}},{"start":{"line":10,"column":53},"end":{"line":10,"column":67}}],"line":10},"2":{"loc":{"start":{"line":14,"column":2},"end":{"line":14,"column":57}},"type":"if","locations":[{"start":{"line":14,"column":2},"end":{"line":14,"column":57}},{"start":{"line":14,"column":2},"end":{"line":14,"column":57}}],"line":14}},"s":{"0":1,"1":1,"2":1,"3":1,"4":1,"5":0,"6":0,"7":0,"8":0,"9":0,"10":0,"11":0,"12":0,"13":1},"f":{"0":1,"1":0},"b":{"0":[0,1],"1":[1,1],"2":[0,0]},"_coverageSchema":"43e27e138ebf9cfc5966b082cf9a028302ed4184","hash":"3c08dacb0e3751bdd5f4029f44b44f1ef48f50f3","contentHash":"ceb9e6014edabe79c8dbbda559aed585d0503832a9f682445f343bd6a33a1340"},"C:\\Users\\HAMMED\\Documents\\GitHub\\Teamwork\\src\\controllers\\users.js":{"path":"C:\\Users\\HAMMED\\Documents\\GitHub\\Teamwork\\src\\controllers\\users.js","statementMap":{"0":{"start":{"line":3,"column":0},"end":{"line":5,"column":3}},"1":{"start":{"line":6,"column":0},"end":{"line":6,"column":28}},"2":{"start":{"line":8,"column":20},"end":{"line":8,"column":67}},"3":{"start":{"line":10,"column":13},"end":{"line":10,"column":53}},"4":{"start":{"line":12,"column":14},"end":{"line":12,"column":55}},"5":{"start":{"line":14,"column":17},"end":{"line":14,"column":73}},"6":{"start":{"line":16,"column":39},"end":{"line":16,"column":95}},"7":{"start":{"line":18,"column":77},"end":{"line":18,"column":175}},"8":{"start":{"line":18,"column":94},"end":{"line":18,"column":107}},"9":{"start":{"line":18,"column":121},"end":{"line":18,"column":131}},"10":{"start":{"line":18,"column":151},"end":{"line":18,"column":165}},"11":{"start":{"line":18,"column":166},"end":{"line":18,"column":173}},"12":{"start":{"line":18,"column":176},"end":{"line":18,"column":263}},"13":{"start":{"line":18,"column":193},"end":{"line":18,"column":208}},"14":{"start":{"line":18,"column":218},"end":{"line":18,"column":261}},"15":{"start":{"line":20,"column":33},"end":{"line":20,"column":387}},"16":{"start":{"line":20,"column":65},"end":{"line":20,"column":69}},"17":{"start":{"line":20,"column":78},"end":{"line":20,"column":87}},"18":{"start":{"line":20,"column":89},"end":{"line":20,"column":384}},"19":{"start":{"line":20,"column":147},"end":{"line":20,"column":167}},"20":{"start":{"line":20,"column":193},"end":{"line":20,"column":264}},"21":{"start":{"line":20,"column":290},"end":{"line":20,"column":360}},"22":{"start":{"line":20,"column":363},"end":{"line":20,"column":380}},"23":{"start":{"line":22,"column":15},"end":{"line":238,"column":1}},"24":{"start":{"line":24,"column":18},"end":{"line":124,"column":7}},"25":{"start":{"line":29,"column":6},"end":{"line":123,"column":19}},"26":{"start":{"line":30,"column":8},"end":{"line":122,"column":9}},"27":{"start":{"line":31,"column":10},"end":{"line":121,"column":11}},"28":{"start":{"line":34,"column":14},"end":{"line":34,"column":155}},"29":{"start":{"line":36,"column":14},"end":{"line":111,"column":15}},"30":{"start":{"line":37,"column":16},"end":{"line":108,"column":21}},"31":{"start":{"line":40,"column":29},"end":{"line":103,"column":21}},"32":{"start":{"line":43,"column":20},"end":{"line":102,"column":32}},"33":{"start":{"line":44,"column":22},"end":{"line":101,"column":23}},"34":{"start":{"line":45,"column":24},"end":{"line":100,"column":25}},"35":{"start":{"line":47,"column":28},"end":{"line":50,"column":29}},"36":{"start":{"line":48,"column":30},"end":{"line":48,"column":49}},"37":{"start":{"line":49,"column":30},"end":{"line":49,"column":36}},"38":{"start":{"line":52,"column":28},"end":{"line":52,"column":64}},"39":{"start":{"line":53,"column":28},"end":{"line":53,"column":48}},"40":{"start":{"line":54,"column":28},"end":{"line":54,"column":52}},"41":{"start":{"line":55,"column":28},"end":{"line":55,"column":51}},"42":{"start":{"line":56,"column":28},"end":{"line":56,"column":46}},"43":{"start":{"line":57,"column":28},"end":{"line":57,"column":73}},"44":{"start":{"line":60,"column":28},"end":{"line":60,"column":56}},"45":{"start":{"line":61,"column":28},"end":{"line":61,"column":95}},"46":{"start":{"line":63,"column":28},"end":{"line":82,"column":30}},"47":{"start":{"line":65,"column":42},"end":{"line":67,"column":52}},"48":{"start":{"line":69,"column":30},"end":{"line":72,"column":33}},"49":{"start":{"line":73,"column":30},"end":{"line":76,"column":33}},"50":{"start":{"line":77,"column":30},"end":{"line":81,"column":33}},"51":{"start":{"line":84,"column":28},"end":{"line":84,"column":197}},"52":{"start":{"line":87,"column":28},"end":{"line":90,"column":29}},"53":{"start":{"line":88,"column":30},"end":{"line":88,"column":49}},"54":{"start":{"line":89,"column":30},"end":{"line":89,"column":36}},"55":{"start":{"line":92,"column":28},"end":{"line":92,"column":102}},"56":{"start":{"line":95,"column":28},"end":{"line":95,"column":67}},"57":{"start":{"line":99,"column":28},"end":{"line":99,"column":51}},"58":{"start":{"line":105,"column":18},"end":{"line":107,"column":20}},"59":{"start":{"line":106,"column":20},"end":{"line":106,"column":55}},"60":{"start":{"line":110,"column":16},"end":{"line":110,"column":55}},"61":{"start":{"line":114,"column":14},"end":{"line":116,"column":17}},"62":{"start":{"line":115,"column":16},"end":{"line":115,"column":78}},"63":{"start":{"line":120,"column":14},"end":{"line":120,"column":38}},"64":{"start":{"line":127,"column":6},"end":{"line":127,"column":44}},"65":{"start":{"line":130,"column":4},"end":{"line":130,"column":18}},"66":{"start":{"line":134,"column":17},"end":{"line":230,"column":7}},"67":{"start":{"line":139,"column":6},"end":{"line":229,"column":19}},"68":{"start":{"line":140,"column":8},"end":{"line":228,"column":9}},"69":{"start":{"line":141,"column":10},"end":{"line":227,"column":11}},"70":{"start":{"line":143,"column":14},"end":{"line":143,"column":94}},"71":{"start":{"line":145,"column":14},"end":{"line":217,"column":19}},"72":{"start":{"line":148,"column":28},"end":{"line":212,"column":19}},"73":{"start":{"line":152,"column":18},"end":{"line":211,"column":31}},"74":{"start":{"line":153,"column":20},"end":{"line":210,"column":21}},"75":{"start":{"line":154,"column":22},"end":{"line":209,"column":23}},"76":{"start":{"line":156,"column":26},"end":{"line":159,"column":27}},"77":{"start":{"line":157,"column":28},"end":{"line":157,"column":47}},"78":{"start":{"line":158,"column":28},"end":{"line":158,"column":34}},"79":{"start":{"line":161,"column":26},"end":{"line":161,"column":38}},"80":{"start":{"line":164,"column":26},"end":{"line":167,"column":27}},"81":{"start":{"line":165,"column":28},"end":{"line":165,"column":47}},"82":{"start":{"line":166,"column":28},"end":{"line":166,"column":34}},"83":{"start":{"line":169,"column":26},"end":{"line":169,"column":112}},"84":{"start":{"line":172,"column":26},"end":{"line":172,"column":45}},"85":{"start":{"line":173,"column":26},"end":{"line":173,"column":96}},"86":{"start":{"line":176,"column":26},"end":{"line":176,"column":49}},"87":{"start":{"line":178,"column":26},"end":{"line":181,"column":27}},"88":{"start":{"line":179,"column":28},"end":{"line":179,"column":47}},"89":{"start":{"line":180,"column":28},"end":{"line":180,"column":34}},"90":{"start":{"line":183,"column":26},"end":{"line":185,"column":30}},"91":{"start":{"line":189,"column":26},"end":{"line":191,"column":49}},"92":{"start":{"line":192,"column":26},"end":{"line":195,"column":29}},"93":{"start":{"line":196,"column":26},"end":{"line":199,"column":29}},"94":{"start":{"line":200,"column":26},"end":{"line":204,"column":30}},"95":{"start":{"line":208,"column":26},"end":{"line":208,"column":50}},"96":{"start":{"line":214,"column":16},"end":{"line":216,"column":18}},"97":{"start":{"line":215,"column":18},"end":{"line":215,"column":54}},"98":{"start":{"line":220,"column":14},"end":{"line":222,"column":17}},"99":{"start":{"line":221,"column":16},"end":{"line":221,"column":78}},"100":{"start":{"line":226,"column":14},"end":{"line":226,"column":38}},"101":{"start":{"line":233,"column":6},"end":{"line":233,"column":43}},"102":{"start":{"line":236,"column":4},"end":{"line":236,"column":17}},"103":{"start":{"line":239,"column":0},"end":{"line":239,"column":30}}},"fnMap":{"0":{"name":"_interopRequireDefault","decl":{"start":{"line":16,"column":9},"end":{"line":16,"column":31}},"loc":{"start":{"line":16,"column":37},"end":{"line":16,"column":97}},"line":16},"1":{"name":"asyncGeneratorStep","decl":{"start":{"line":18,"column":9},"end":{"line":18,"column":27}},"loc":{"start":{"line":18,"column":75},"end":{"line":18,"column":265}},"line":18},"2":{"name":"_asyncToGenerator","decl":{"start":{"line":20,"column":9},"end":{"line":20,"column":26}},"loc":{"start":{"line":20,"column":31},"end":{"line":20,"column":389}},"line":20},"3":{"name":"(anonymous_3)","decl":{"start":{"line":20,"column":40},"end":{"line":20,"column":41}},"loc":{"start":{"line":20,"column":52},"end":{"line":20,"column":386}},"line":20},"4":{"name":"(anonymous_4)","decl":{"start":{"line":20,"column":108},"end":{"line":20,"column":109}},"loc":{"start":{"line":20,"column":135},"end":{"line":20,"column":382}},"line":20},"5":{"name":"_next","decl":{"start":{"line":20,"column":178},"end":{"line":20,"column":183}},"loc":{"start":{"line":20,"column":191},"end":{"line":20,"column":266}},"line":20},"6":{"name":"_throw","decl":{"start":{"line":20,"column":276},"end":{"line":20,"column":282}},"loc":{"start":{"line":20,"column":288},"end":{"line":20,"column":362}},"line":20},"7":{"name":"(anonymous_7)","decl":{"start":{"line":23,"column":10},"end":{"line":23,"column":11}},"loc":{"start":{"line":23,"column":22},"end":{"line":131,"column":3}},"line":23},"8":{"name":"_callee2","decl":{"start":{"line":26,"column":37},"end":{"line":26,"column":45}},"loc":{"start":{"line":26,"column":56},"end":{"line":124,"column":5}},"line":26},"9":{"name":"_callee2$","decl":{"start":{"line":29,"column":46},"end":{"line":29,"column":55}},"loc":{"start":{"line":29,"column":67},"end":{"line":123,"column":7}},"line":29},"10":{"name":"(anonymous_10)","decl":{"start":{"line":39,"column":16},"end":{"line":39,"column":17}},"loc":{"start":{"line":39,"column":28},"end":{"line":108,"column":17}},"line":39},"11":{"name":"_callee","decl":{"start":{"line":42,"column":51},"end":{"line":42,"column":58}},"loc":{"start":{"line":42,"column":75},"end":{"line":103,"column":19}},"line":42},"12":{"name":"_callee$","decl":{"start":{"line":43,"column":60},"end":{"line":43,"column":68}},"loc":{"start":{"line":43,"column":79},"end":{"line":102,"column":21}},"line":43},"13":{"name":"(anonymous_13)","decl":{"start":{"line":63,"column":42},"end":{"line":63,"column":43}},"loc":{"start":{"line":63,"column":65},"end":{"line":82,"column":29}},"line":63},"14":{"name":"(anonymous_14)","decl":{"start":{"line":105,"column":25},"end":{"line":105,"column":26}},"loc":{"start":{"line":105,"column":45},"end":{"line":107,"column":19}},"line":105},"15":{"name":"(anonymous_15)","decl":{"start":{"line":114,"column":49},"end":{"line":114,"column":50}},"loc":{"start":{"line":114,"column":61},"end":{"line":116,"column":15}},"line":114},"16":{"name":"signup","decl":{"start":{"line":126,"column":13},"end":{"line":126,"column":19}},"loc":{"start":{"line":126,"column":29},"end":{"line":128,"column":5}},"line":126},"17":{"name":"(anonymous_17)","decl":{"start":{"line":133,"column":9},"end":{"line":133,"column":10}},"loc":{"start":{"line":133,"column":21},"end":{"line":237,"column":3}},"line":133},"18":{"name":"_callee4","decl":{"start":{"line":136,"column":37},"end":{"line":136,"column":45}},"loc":{"start":{"line":136,"column":56},"end":{"line":230,"column":5}},"line":136},"19":{"name":"_callee4$","decl":{"start":{"line":139,"column":46},"end":{"line":139,"column":55}},"loc":{"start":{"line":139,"column":67},"end":{"line":229,"column":7}},"line":139},"20":{"name":"(anonymous_20)","decl":{"start":{"line":147,"column":14},"end":{"line":147,"column":15}},"loc":{"start":{"line":147,"column":26},"end":{"line":217,"column":15}},"line":147},"21":{"name":"_callee3","decl":{"start":{"line":150,"column":49},"end":{"line":150,"column":57}},"loc":{"start":{"line":150,"column":74},"end":{"line":212,"column":17}},"line":150},"22":{"name":"_callee3$","decl":{"start":{"line":152,"column":58},"end":{"line":152,"column":67}},"loc":{"start":{"line":152,"column":79},"end":{"line":211,"column":19}},"line":152},"23":{"name":"(anonymous_23)","decl":{"start":{"line":214,"column":23},"end":{"line":214,"column":24}},"loc":{"start":{"line":214,"column":43},"end":{"line":216,"column":17}},"line":214},"24":{"name":"(anonymous_24)","decl":{"start":{"line":220,"column":49},"end":{"line":220,"column":50}},"loc":{"start":{"line":220,"column":61},"end":{"line":222,"column":15}},"line":220},"25":{"name":"login","decl":{"start":{"line":232,"column":13},"end":{"line":232,"column":18}},"loc":{"start":{"line":232,"column":29},"end":{"line":234,"column":5}},"line":232}},"branchMap":{"0":{"loc":{"start":{"line":16,"column":46},"end":{"line":16,"column":94}},"type":"cond-expr","locations":[{"start":{"line":16,"column":70},"end":{"line":16,"column":73}},{"start":{"line":16,"column":76},"end":{"line":16,"column":94}}],"line":16},"1":{"loc":{"start":{"line":16,"column":46},"end":{"line":16,"column":67}},"type":"binary-expr","locations":[{"start":{"line":16,"column":46},"end":{"line":16,"column":49}},{"start":{"line":16,"column":53},"end":{"line":16,"column":67}}],"line":16},"2":{"loc":{"start":{"line":18,"column":176},"end":{"line":18,"column":263}},"type":"if","locations":[{"start":{"line":18,"column":176},"end":{"line":18,"column":263}},{"start":{"line":18,"column":176},"end":{"line":18,"column":263}}],"line":18},"3":{"loc":{"start":{"line":31,"column":10},"end":{"line":121,"column":11}},"type":"switch","locations":[{"start":{"line":32,"column":12},"end":{"line":116,"column":17}},{"start":{"line":118,"column":12},"end":{"line":118,"column":19}},{"start":{"line":119,"column":12},"end":{"line":120,"column":38}}],"line":31},"4":{"loc":{"start":{"line":45,"column":24},"end":{"line":100,"column":25}},"type":"switch","locations":[{"start":{"line":46,"column":26},"end":{"line":57,"column":73}},{"start":{"line":59,"column":26},"end":{"line":84,"column":197}},{"start":{"line":86,"column":26},"end":{"line":92,"column":102}},{"start":{"line":94,"column":26},"end":{"line":95,"column":67}},{"start":{"line":97,"column":26},"end":{"line":97,"column":34}},{"start":{"line":98,"column":26},"end":{"line":99,"column":51}}],"line":45},"5":{"loc":{"start":{"line":47,"column":28},"end":{"line":50,"column":29}},"type":"if","locations":[{"start":{"line":47,"column":28},"end":{"line":50,"column":29}},{"start":{"line":47,"column":28},"end":{"line":50,"column":29}}],"line":47},"6":{"loc":{"start":{"line":87,"column":28},"end":{"line":90,"column":29}},"type":"if","locations":[{"start":{"line":87,"column":28},"end":{"line":90,"column":29}},{"start":{"line":87,"column":28},"end":{"line":90,"column":29}}],"line":87},"7":{"loc":{"start":{"line":141,"column":10},"end":{"line":227,"column":11}},"type":"switch","locations":[{"start":{"line":142,"column":12},"end":{"line":222,"column":17}},{"start":{"line":224,"column":12},"end":{"line":224,"column":19}},{"start":{"line":225,"column":12},"end":{"line":226,"column":38}}],"line":141},"8":{"loc":{"start":{"line":154,"column":22},"end":{"line":209,"column":23}},"type":"switch","locations":[{"start":{"line":155,"column":24},"end":{"line":161,"column":38}},{"start":{"line":163,"column":24},"end":{"line":169,"column":112}},{"start":{"line":171,"column":24},"end":{"line":173,"column":96}},{"start":{"line":175,"column":24},"end":{"line":185,"column":30}},{"start":{"line":187,"column":24},"end":{"line":204,"column":30}},{"start":{"line":206,"column":24},"end":{"line":206,"column":32}},{"start":{"line":207,"column":24},"end":{"line":208,"column":50}}],"line":154},"9":{"loc":{"start":{"line":156,"column":26},"end":{"line":159,"column":27}},"type":"if","locations":[{"start":{"line":156,"column":26},"end":{"line":159,"column":27}},{"start":{"line":156,"column":26},"end":{"line":159,"column":27}}],"line":156},"10":{"loc":{"start":{"line":164,"column":26},"end":{"line":167,"column":27}},"type":"if","locations":[{"start":{"line":164,"column":26},"end":{"line":167,"column":27}},{"start":{"line":164,"column":26},"end":{"line":167,"column":27}}],"line":164},"11":{"loc":{"start":{"line":178,"column":26},"end":{"line":181,"column":27}},"type":"if","locations":[{"start":{"line":178,"column":26},"end":{"line":181,"column":27}},{"start":{"line":178,"column":26},"end":{"line":181,"column":27}}],"line":178}},"s":{"0":1,"1":1,"2":1,"3":1,"4":1,"5":1,"6":4,"7":0,"8":0,"9":0,"10":0,"11":0,"12":0,"13":0,"14":0,"15":2,"16":0,"17":0,"18":0,"19":0,"20":0,"21":0,"22":0,"23":1,"24":1,"25":0,"26":0,"27":0,"28":0,"29":0,"30":0,"31":0,"32":0,"33":0,"34":0,"35":0,"36":0,"37":0,"38":0,"39":0,"40":0,"41":0,"42":0,"43":0,"44":0,"45":0,"46":0,"47":0,"48":0,"49":0,"50":0,"51":0,"52":0,"53":0,"54":0,"55":0,"56":0,"57":0,"58":0,"59":0,"60":0,"61":0,"62":0,"63":0,"64":0,"65":1,"66":1,"67":0,"68":0,"69":0,"70":0,"71":0,"72":0,"73":0,"74":0,"75":0,"76":0,"77":0,"78":0,"79":0,"80":0,"81":0,"82":0,"83":0,"84":0,"85":0,"86":0,"87":0,"88":0,"89":0,"90":0,"91":0,"92":0,"93":0,"94":0,"95":0,"96":0,"97":0,"98":0,"99":0,"100":0,"101":0,"102":1,"103":1},"f":{"0":4,"1":0,"2":2,"3":0,"4":0,"5":0,"6":0,"7":1,"8":0,"9":0,"10":0,"11":0,"12":0,"13":0,"14":0,"15":0,"16":0,"17":1,"18":0,"19":0,"20":0,"21":0,"22":0,"23":0,"24":0,"25":0},"b":{"0":[0,4],"1":[4,4],"2":[0,0],"3":[0,0,0],"4":[0,0,0,0,0,0],"5":[0,0],"6":[0,0],"7":[0,0,0],"8":[0,0,0,0,0,0,0],"9":[0,0],"10":[0,0],"11":[0,0]},"_coverageSchema":"43e27e138ebf9cfc5966b082cf9a028302ed4184","hash":"412acfce8fd925c5ed117c20e26bd35cdb5d6a5a","contentHash":"f204f0c82d548d212fa932b60dc8e3e02cd63aa40fc7b9abcf1762c83e127805"},"C:\\Users\\HAMMED\\Documents\\GitHub\\Teamwork\\src\\controllers\\gifs.js":{"path":"C:\\Users\\HAMMED\\Documents\\GitHub\\Teamwork\\src\\controllers\\gifs.js","statementMap":{"0":{"start":{"line":3,"column":0},"end":{"line":5,"column":3}},"1":{"start":{"line":6,"column":0},"end":{"line":6,"column":28}},"2":{"start":{"line":8,"column":20},"end":{"line":8,"column":67}},"3":{"start":{"line":10,"column":13},"end":{"line":10,"column":53}},"4":{"start":{"line":12,"column":14},"end":{"line":12,"column":55}},"5":{"start":{"line":14,"column":17},"end":{"line":14,"column":73}},"6":{"start":{"line":16,"column":39},"end":{"line":16,"column":95}},"7":{"start":{"line":18,"column":77},"end":{"line":18,"column":175}},"8":{"start":{"line":18,"column":94},"end":{"line":18,"column":107}},"9":{"start":{"line":18,"column":121},"end":{"line":18,"column":131}},"10":{"start":{"line":18,"column":151},"end":{"line":18,"column":165}},"11":{"start":{"line":18,"column":166},"end":{"line":18,"column":173}},"12":{"start":{"line":18,"column":176},"end":{"line":18,"column":263}},"13":{"start":{"line":18,"column":193},"end":{"line":18,"column":208}},"14":{"start":{"line":18,"column":218},"end":{"line":18,"column":261}},"15":{"start":{"line":20,"column":33},"end":{"line":20,"column":387}},"16":{"start":{"line":20,"column":65},"end":{"line":20,"column":69}},"17":{"start":{"line":20,"column":78},"end":{"line":20,"column":87}},"18":{"start":{"line":20,"column":89},"end":{"line":20,"column":384}},"19":{"start":{"line":20,"column":147},"end":{"line":20,"column":167}},"20":{"start":{"line":20,"column":193},"end":{"line":20,"column":264}},"21":{"start":{"line":20,"column":290},"end":{"line":20,"column":360}},"22":{"start":{"line":20,"column":363},"end":{"line":20,"column":380}},"23":{"start":{"line":22,"column":15},"end":{"line":556,"column":1}},"24":{"start":{"line":24,"column":18},"end":{"line":124,"column":7}},"25":{"start":{"line":29,"column":6},"end":{"line":123,"column":19}},"26":{"start":{"line":30,"column":8},"end":{"line":122,"column":9}},"27":{"start":{"line":31,"column":10},"end":{"line":121,"column":11}},"28":{"start":{"line":34,"column":14},"end":{"line":34,"column":155}},"29":{"start":{"line":36,"column":14},"end":{"line":111,"column":15}},"30":{"start":{"line":37,"column":16},"end":{"line":108,"column":21}},"31":{"start":{"line":40,"column":29},"end":{"line":103,"column":21}},"32":{"start":{"line":43,"column":20},"end":{"line":102,"column":32}},"33":{"start":{"line":44,"column":22},"end":{"line":101,"column":23}},"34":{"start":{"line":45,"column":24},"end":{"line":100,"column":25}},"35":{"start":{"line":47,"column":28},"end":{"line":50,"column":29}},"36":{"start":{"line":48,"column":30},"end":{"line":48,"column":49}},"37":{"start":{"line":49,"column":30},"end":{"line":49,"column":36}},"38":{"start":{"line":52,"column":28},"end":{"line":52,"column":64}},"39":{"start":{"line":53,"column":28},"end":{"line":53,"column":48}},"40":{"start":{"line":54,"column":28},"end":{"line":54,"column":52}},"41":{"start":{"line":55,"column":28},"end":{"line":55,"column":51}},"42":{"start":{"line":56,"column":28},"end":{"line":56,"column":46}},"43":{"start":{"line":57,"column":28},"end":{"line":57,"column":73}},"44":{"start":{"line":60,"column":28},"end":{"line":60,"column":56}},"45":{"start":{"line":61,"column":28},"end":{"line":61,"column":95}},"46":{"start":{"line":63,"column":28},"end":{"line":82,"column":30}},"47":{"start":{"line":65,"column":42},"end":{"line":67,"column":52}},"48":{"start":{"line":69,"column":30},"end":{"line":72,"column":33}},"49":{"start":{"line":73,"column":30},"end":{"line":76,"column":33}},"50":{"start":{"line":77,"column":30},"end":{"line":81,"column":33}},"51":{"start":{"line":84,"column":28},"end":{"line":84,"column":197}},"52":{"start":{"line":87,"column":28},"end":{"line":90,"column":29}},"53":{"start":{"line":88,"column":30},"end":{"line":88,"column":49}},"54":{"start":{"line":89,"column":30},"end":{"line":89,"column":36}},"55":{"start":{"line":92,"column":28},"end":{"line":92,"column":102}},"56":{"start":{"line":95,"column":28},"end":{"line":95,"column":67}},"57":{"start":{"line":99,"column":28},"end":{"line":99,"column":51}},"58":{"start":{"line":105,"column":18},"end":{"line":107,"column":20}},"59":{"start":{"line":106,"column":20},"end":{"line":106,"column":55}},"60":{"start":{"line":110,"column":16},"end":{"line":110,"column":55}},"61":{"start":{"line":114,"column":14},"end":{"line":116,"column":17}},"62":{"start":{"line":115,"column":16},"end":{"line":115,"column":78}},"63":{"start":{"line":120,"column":14},"end":{"line":120,"column":38}},"64":{"start":{"line":127,"column":6},"end":{"line":127,"column":44}},"65":{"start":{"line":130,"column":4},"end":{"line":130,"column":18}},"66":{"start":{"line":134,"column":19},"end":{"line":230,"column":7}},"67":{"start":{"line":139,"column":6},"end":{"line":229,"column":19}},"68":{"start":{"line":140,"column":8},"end":{"line":228,"column":9}},"69":{"start":{"line":141,"column":10},"end":{"line":227,"column":11}},"70":{"start":{"line":143,"column":14},"end":{"line":143,"column":94}},"71":{"start":{"line":145,"column":14},"end":{"line":217,"column":19}},"72":{"start":{"line":148,"column":28},"end":{"line":212,"column":19}},"73":{"start":{"line":152,"column":18},"end":{"line":211,"column":31}},"74":{"start":{"line":153,"column":20},"end":{"line":210,"column":21}},"75":{"start":{"line":154,"column":22},"end":{"line":209,"column":23}},"76":{"start":{"line":156,"column":26},"end":{"line":159,"column":27}},"77":{"start":{"line":157,"column":28},"end":{"line":157,"column":47}},"78":{"start":{"line":158,"column":28},"end":{"line":158,"column":34}},"79":{"start":{"line":161,"column":26},"end":{"line":161,"column":38}},"80":{"start":{"line":164,"column":26},"end":{"line":167,"column":27}},"81":{"start":{"line":165,"column":28},"end":{"line":165,"column":47}},"82":{"start":{"line":166,"column":28},"end":{"line":166,"column":34}},"83":{"start":{"line":169,"column":26},"end":{"line":169,"column":112}},"84":{"start":{"line":172,"column":26},"end":{"line":172,"column":45}},"85":{"start":{"line":173,"column":26},"end":{"line":173,"column":96}},"86":{"start":{"line":176,"column":26},"end":{"line":176,"column":49}},"87":{"start":{"line":178,"column":26},"end":{"line":181,"column":27}},"88":{"start":{"line":179,"column":28},"end":{"line":179,"column":47}},"89":{"start":{"line":180,"column":28},"end":{"line":180,"column":34}},"90":{"start":{"line":183,"column":26},"end":{"line":185,"column":30}},"91":{"start":{"line":189,"column":26},"end":{"line":191,"column":49}},"92":{"start":{"line":192,"column":26},"end":{"line":195,"column":29}},"93":{"start":{"line":196,"column":26},"end":{"line":199,"column":29}},"94":{"start":{"line":200,"column":26},"end":{"line":204,"column":30}},"95":{"start":{"line":208,"column":26},"end":{"line":208,"column":50}},"96":{"start":{"line":214,"column":16},"end":{"line":216,"column":18}},"97":{"start":{"line":215,"column":18},"end":{"line":215,"column":54}},"98":{"start":{"line":220,"column":14},"end":{"line":222,"column":17}},"99":{"start":{"line":221,"column":16},"end":{"line":221,"column":78}},"100":{"start":{"line":226,"column":14},"end":{"line":226,"column":38}},"101":{"start":{"line":233,"column":6},"end":{"line":233,"column":45}},"102":{"start":{"line":236,"column":4},"end":{"line":236,"column":19}},"103":{"start":{"line":240,"column":18},"end":{"line":336,"column":7}},"104":{"start":{"line":245,"column":6},"end":{"line":335,"column":19}},"105":{"start":{"line":246,"column":8},"end":{"line":334,"column":9}},"106":{"start":{"line":247,"column":10},"end":{"line":333,"column":11}},"107":{"start":{"line":249,"column":14},"end":{"line":249,"column":94}},"108":{"start":{"line":251,"column":14},"end":{"line":323,"column":19}},"109":{"start":{"line":254,"column":28},"end":{"line":318,"column":19}},"110":{"start":{"line":258,"column":18},"end":{"line":317,"column":31}},"111":{"start":{"line":259,"column":20},"end":{"line":316,"column":21}},"112":{"start":{"line":260,"column":22},"end":{"line":315,"column":23}},"113":{"start":{"line":262,"column":26},"end":{"line":265,"column":27}},"114":{"start":{"line":263,"column":28},"end":{"line":263,"column":47}},"115":{"start":{"line":264,"column":28},"end":{"line":264,"column":34}},"116":{"start":{"line":267,"column":26},"end":{"line":267,"column":38}},"117":{"start":{"line":270,"column":26},"end":{"line":273,"column":27}},"118":{"start":{"line":271,"column":28},"end":{"line":271,"column":47}},"119":{"start":{"line":272,"column":28},"end":{"line":272,"column":34}},"120":{"start":{"line":275,"column":26},"end":{"line":275,"column":112}},"121":{"start":{"line":278,"column":26},"end":{"line":278,"column":45}},"122":{"start":{"line":279,"column":26},"end":{"line":279,"column":96}},"123":{"start":{"line":282,"column":26},"end":{"line":282,"column":49}},"124":{"start":{"line":284,"column":26},"end":{"line":287,"column":27}},"125":{"start":{"line":285,"column":28},"end":{"line":285,"column":47}},"126":{"start":{"line":286,"column":28},"end":{"line":286,"column":34}},"127":{"start":{"line":289,"column":26},"end":{"line":291,"column":30}},"128":{"start":{"line":295,"column":26},"end":{"line":297,"column":49}},"129":{"start":{"line":298,"column":26},"end":{"line":301,"column":29}},"130":{"start":{"line":302,"column":26},"end":{"line":305,"column":29}},"131":{"start":{"line":306,"column":26},"end":{"line":310,"column":30}},"132":{"start":{"line":314,"column":26},"end":{"line":314,"column":50}},"133":{"start":{"line":320,"column":16},"end":{"line":322,"column":18}},"134":{"start":{"line":321,"column":18},"end":{"line":321,"column":54}},"135":{"start":{"line":326,"column":14},"end":{"line":328,"column":17}},"136":{"start":{"line":327,"column":16},"end":{"line":327,"column":78}},"137":{"start":{"line":332,"column":14},"end":{"line":332,"column":38}},"138":{"start":{"line":339,"column":6},"end":{"line":339,"column":44}},"139":{"start":{"line":342,"column":4},"end":{"line":342,"column":18}},"140":{"start":{"line":346,"column":25},"end":{"line":442,"column":7}},"141":{"start":{"line":351,"column":6},"end":{"line":441,"column":19}},"142":{"start":{"line":352,"column":8},"end":{"line":440,"column":9}},"143":{"start":{"line":353,"column":10},"end":{"line":439,"column":11}},"144":{"start":{"line":355,"column":14},"end":{"line":355,"column":94}},"145":{"start":{"line":357,"column":14},"end":{"line":429,"column":19}},"146":{"start":{"line":360,"column":28},"end":{"line":424,"column":19}},"147":{"start":{"line":364,"column":18},"end":{"line":423,"column":31}},"148":{"start":{"line":365,"column":20},"end":{"line":422,"column":21}},"149":{"start":{"line":366,"column":22},"end":{"line":421,"column":23}},"150":{"start":{"line":368,"column":26},"end":{"line":371,"column":27}},"151":{"start":{"line":369,"column":28},"end":{"line":369,"column":47}},"152":{"start":{"line":370,"column":28},"end":{"line":370,"column":34}},"153":{"start":{"line":373,"column":26},"end":{"line":373,"column":38}},"154":{"start":{"line":376,"column":26},"end":{"line":379,"column":27}},"155":{"start":{"line":377,"column":28},"end":{"line":377,"column":47}},"156":{"start":{"line":378,"column":28},"end":{"line":378,"column":34}},"157":{"start":{"line":381,"column":26},"end":{"line":381,"column":112}},"158":{"start":{"line":384,"column":26},"end":{"line":384,"column":45}},"159":{"start":{"line":385,"column":26},"end":{"line":385,"column":96}},"160":{"start":{"line":388,"column":26},"end":{"line":388,"column":49}},"161":{"start":{"line":390,"column":26},"end":{"line":393,"column":27}},"162":{"start":{"line":391,"column":28},"end":{"line":391,"column":47}},"163":{"start":{"line":392,"column":28},"end":{"line":392,"column":34}},"164":{"start":{"line":395,"column":26},"end":{"line":397,"column":30}},"165":{"start":{"line":401,"column":26},"end":{"line":403,"column":49}},"166":{"start":{"line":404,"column":26},"end":{"line":407,"column":29}},"167":{"start":{"line":408,"column":26},"end":{"line":411,"column":29}},"168":{"start":{"line":412,"column":26},"end":{"line":416,"column":30}},"169":{"start":{"line":420,"column":26},"end":{"line":420,"column":50}},"170":{"start":{"line":426,"column":16},"end":{"line":428,"column":18}},"171":{"start":{"line":427,"column":18},"end":{"line":427,"column":54}},"172":{"start":{"line":432,"column":14},"end":{"line":434,"column":17}},"173":{"start":{"line":433,"column":16},"end":{"line":433,"column":78}},"174":{"start":{"line":438,"column":14},"end":{"line":438,"column":38}},"175":{"start":{"line":445,"column":6},"end":{"line":445,"column":51}},"176":{"start":{"line":448,"column":4},"end":{"line":448,"column":25}},"177":{"start":{"line":452,"column":25},"end":{"line":548,"column":7}},"178":{"start":{"line":457,"column":6},"end":{"line":547,"column":20}},"179":{"start":{"line":458,"column":8},"end":{"line":546,"column":9}},"180":{"start":{"line":459,"column":10},"end":{"line":545,"column":11}},"181":{"start":{"line":461,"column":14},"end":{"line":461,"column":94}},"182":{"start":{"line":463,"column":14},"end":{"line":535,"column":19}},"183":{"start":{"line":466,"column":28},"end":{"line":530,"column":19}},"184":{"start":{"line":470,"column":18},"end":{"line":529,"column":31}},"185":{"start":{"line":471,"column":20},"end":{"line":528,"column":21}},"186":{"start":{"line":472,"column":22},"end":{"line":527,"column":23}},"187":{"start":{"line":474,"column":26},"end":{"line":477,"column":27}},"188":{"start":{"line":475,"column":28},"end":{"line":475,"column":47}},"189":{"start":{"line":476,"column":28},"end":{"line":476,"column":34}},"190":{"start":{"line":479,"column":26},"end":{"line":479,"column":38}},"191":{"start":{"line":482,"column":26},"end":{"line":485,"column":27}},"192":{"start":{"line":483,"column":28},"end":{"line":483,"column":47}},"193":{"start":{"line":484,"column":28},"end":{"line":484,"column":34}},"194":{"start":{"line":487,"column":26},"end":{"line":487,"column":112}},"195":{"start":{"line":490,"column":26},"end":{"line":490,"column":45}},"196":{"start":{"line":491,"column":26},"end":{"line":491,"column":96}},"197":{"start":{"line":494,"column":26},"end":{"line":494,"column":49}},"198":{"start":{"line":496,"column":26},"end":{"line":499,"column":27}},"199":{"start":{"line":497,"column":28},"end":{"line":497,"column":47}},"200":{"start":{"line":498,"column":28},"end":{"line":498,"column":34}},"201":{"start":{"line":501,"column":26},"end":{"line":503,"column":30}},"202":{"start":{"line":507,"column":26},"end":{"line":509,"column":49}},"203":{"start":{"line":510,"column":26},"end":{"line":513,"column":29}},"204":{"start":{"line":514,"column":26},"end":{"line":517,"column":29}},"205":{"start":{"line":518,"column":26},"end":{"line":522,"column":30}},"206":{"start":{"line":526,"column":26},"end":{"line":526,"column":50}},"207":{"start":{"line":532,"column":16},"end":{"line":534,"column":18}},"208":{"start":{"line":533,"column":18},"end":{"line":533,"column":54}},"209":{"start":{"line":538,"column":14},"end":{"line":540,"column":17}},"210":{"start":{"line":539,"column":16},"end":{"line":539,"column":78}},"211":{"start":{"line":544,"column":14},"end":{"line":544,"column":39}},"212":{"start":{"line":551,"column":6},"end":{"line":551,"column":51}},"213":{"start":{"line":554,"column":4},"end":{"line":554,"column":25}},"214":{"start":{"line":557,"column":0},"end":{"line":557,"column":30}}},"fnMap":{"0":{"name":"_interopRequireDefault","decl":{"start":{"line":16,"column":9},"end":{"line":16,"column":31}},"loc":{"start":{"line":16,"column":37},"end":{"line":16,"column":97}},"line":16},"1":{"name":"asyncGeneratorStep","decl":{"start":{"line":18,"column":9},"end":{"line":18,"column":27}},"loc":{"start":{"line":18,"column":75},"end":{"line":18,"column":265}},"line":18},"2":{"name":"_asyncToGenerator","decl":{"start":{"line":20,"column":9},"end":{"line":20,"column":26}},"loc":{"start":{"line":20,"column":31},"end":{"line":20,"column":389}},"line":20},"3":{"name":"(anonymous_3)","decl":{"start":{"line":20,"column":40},"end":{"line":20,"column":41}},"loc":{"start":{"line":20,"column":52},"end":{"line":20,"column":386}},"line":20},"4":{"name":"(anonymous_4)","decl":{"start":{"line":20,"column":108},"end":{"line":20,"column":109}},"loc":{"start":{"line":20,"column":135},"end":{"line":20,"column":382}},"line":20},"5":{"name":"_next","decl":{"start":{"line":20,"column":178},"end":{"line":20,"column":183}},"loc":{"start":{"line":20,"column":191},"end":{"line":20,"column":266}},"line":20},"6":{"name":"_throw","decl":{"start":{"line":20,"column":276},"end":{"line":20,"column":282}},"loc":{"start":{"line":20,"column":288},"end":{"line":20,"column":362}},"line":20},"7":{"name":"(anonymous_7)","decl":{"start":{"line":23,"column":10},"end":{"line":23,"column":11}},"loc":{"start":{"line":23,"column":22},"end":{"line":131,"column":3}},"line":23},"8":{"name":"_callee2","decl":{"start":{"line":26,"column":37},"end":{"line":26,"column":45}},"loc":{"start":{"line":26,"column":56},"end":{"line":124,"column":5}},"line":26},"9":{"name":"_callee2$","decl":{"start":{"line":29,"column":46},"end":{"line":29,"column":55}},"loc":{"start":{"line":29,"column":67},"end":{"line":123,"column":7}},"line":29},"10":{"name":"(anonymous_10)","decl":{"start":{"line":39,"column":16},"end":{"line":39,"column":17}},"loc":{"start":{"line":39,"column":28},"end":{"line":108,"column":17}},"line":39},"11":{"name":"_callee","decl":{"start":{"line":42,"column":51},"end":{"line":42,"column":58}},"loc":{"start":{"line":42,"column":75},"end":{"line":103,"column":19}},"line":42},"12":{"name":"_callee$","decl":{"start":{"line":43,"column":60},"end":{"line":43,"column":68}},"loc":{"start":{"line":43,"column":79},"end":{"line":102,"column":21}},"line":43},"13":{"name":"(anonymous_13)","decl":{"start":{"line":63,"column":42},"end":{"line":63,"column":43}},"loc":{"start":{"line":63,"column":65},"end":{"line":82,"column":29}},"line":63},"14":{"name":"(anonymous_14)","decl":{"start":{"line":105,"column":25},"end":{"line":105,"column":26}},"loc":{"start":{"line":105,"column":45},"end":{"line":107,"column":19}},"line":105},"15":{"name":"(anonymous_15)","decl":{"start":{"line":114,"column":49},"end":{"line":114,"column":50}},"loc":{"start":{"line":114,"column":61},"end":{"line":116,"column":15}},"line":114},"16":{"name":"create","decl":{"start":{"line":126,"column":13},"end":{"line":126,"column":19}},"loc":{"start":{"line":126,"column":29},"end":{"line":128,"column":5}},"line":126},"17":{"name":"(anonymous_17)","decl":{"start":{"line":133,"column":12},"end":{"line":133,"column":13}},"loc":{"start":{"line":133,"column":24},"end":{"line":237,"column":3}},"line":133},"18":{"name":"_callee4","decl":{"start":{"line":136,"column":37},"end":{"line":136,"column":45}},"loc":{"start":{"line":136,"column":56},"end":{"line":230,"column":5}},"line":136},"19":{"name":"_callee4$","decl":{"start":{"line":139,"column":46},"end":{"line":139,"column":55}},"loc":{"start":{"line":139,"column":67},"end":{"line":229,"column":7}},"line":139},"20":{"name":"(anonymous_20)","decl":{"start":{"line":147,"column":14},"end":{"line":147,"column":15}},"loc":{"start":{"line":147,"column":26},"end":{"line":217,"column":15}},"line":147},"21":{"name":"_callee3","decl":{"start":{"line":150,"column":49},"end":{"line":150,"column":57}},"loc":{"start":{"line":150,"column":74},"end":{"line":212,"column":17}},"line":150},"22":{"name":"_callee3$","decl":{"start":{"line":152,"column":58},"end":{"line":152,"column":67}},"loc":{"start":{"line":152,"column":79},"end":{"line":211,"column":19}},"line":152},"23":{"name":"(anonymous_23)","decl":{"start":{"line":214,"column":23},"end":{"line":214,"column":24}},"loc":{"start":{"line":214,"column":43},"end":{"line":216,"column":17}},"line":214},"24":{"name":"(anonymous_24)","decl":{"start":{"line":220,"column":49},"end":{"line":220,"column":50}},"loc":{"start":{"line":220,"column":61},"end":{"line":222,"column":15}},"line":220},"25":{"name":"_delete","decl":{"start":{"line":23
[...]
"loc":{"start":{"line":454,"column":57},"end":{"line":548,"column":5}},"line":454},"46":{"name":"_callee10$","decl":{"start":{"line":457,"column":46},"end":{"line":457,"column":56}},"loc":{"start":{"line":457,"column":69},"end":{"line":547,"column":7}},"line":457},"47":{"name":"(anonymous_47)","decl":{"start":{"line":465,"column":14},"end":{"line":465,"column":15}},"loc":{"start":{"line":465,"column":26},"end":{"line":535,"column":15}},"line":465},"48":{"name":"_callee9","decl":{"start":{"line":468,"column":49},"end":{"line":468,"column":57}},"loc":{"start":{"line":468,"column":74},"end":{"line":530,"column":17}},"line":468},"49":{"name":"_callee9$","decl":{"start":{"line":470,"column":58},"end":{"line":470,"column":67}},"loc":{"start":{"line":470,"column":79},"end":{"line":529,"column":19}},"line":470},"50":{"name":"(anonymous_50)","decl":{"start":{"line":532,"column":23},"end":{"line":532,"column":24}},"loc":{"start":{"line":532,"column":45},"end":{"line":534,"column":17}},"line":532},"51":{"name":"(anonymous_51)","decl":{"start":{"line":538,"column":49},"end":{"line":538,"column":50}},"loc":{"start":{"line":538,"column":61},"end":{"line":540,"column":15}},"line":538},"52":{"name":"createComment","decl":{"start":{"line":550,"column":13},"end":{"line":550,"column":26}},"loc":{"start":{"line":550,"column":39},"end":{"line":552,"column":5}},"line":550},"53":{"name":"(anonymous_53)","decl":{"start":{"line":557,"column":17},"end":{"line":557,"column":18}},"loc":{"start":{"line":557,"column":29},"end":{"line":661,"column":3}},"line":557},"54":{"name":"_callee12","decl":{"start":{"line":560,"column":37},"end":{"line":560,"column":46}},"loc":{"start":{"line":560,"column":57},"end":{"line":654,"column":5}},"line":560},"55":{"name":"_callee12$","decl":{"start":{"line":563,"column":46},"end":{"line":563,"column":56}},"loc":{"start":{"line":563,"column":69},"end":{"line":653,"column":7}},"line":563},"56":{"name":"(anonymous_56)","decl":{"start":{"line":571,"column":14},"end":{"line":571,"column":15}},"loc":{"start":{"line":571,"column":26},"end":{"line":641,"column":15}},"line":571},"57":{"name":"_callee11","decl":{"start":{"line":574,"column":49},"end":{"line":574,"column":58}},"loc":{"start":{"line":574,"column":75},"end":{"line":636,"column":17}},"line":574},"58":{"name":"_callee11$","decl":{"start":{"line":576,"column":58},"end":{"line":576,"column":68}},"loc":{"start":{"line":576,"column":81},"end":{"line":635,"column":19}},"line":576},"59":{"name":"(anonymous_59)","decl":{"start":{"line":638,"column":23},"end":{"line":638,"column":24}},"loc":{"start":{"line":638,"column":45},"end":{"line":640,"column":17}},"line":638},"60":{"name":"(anonymous_60)","decl":{"start":{"line":644,"column":49},"end":{"line":644,"column":50}},"loc":{"start":{"line":644,"column":61},"end":{"line":646,"column":15}},"line":644},"61":{"name":"deleteComment","decl":{"start":{"line":656,"column":13},"end":{"line":656,"column":26}},"loc":{"start":{"line":656,"column":39},"end":{"line":658,"column":5}},"line":656},"62":{"name":"(anonymous_62)","decl":{"start":{"line":663,"column":23},"end":{"line":663,"column":24}},"loc":{"start":{"line":663,"column":35},"end":{"line":767,"column":3}},"line":663},"63":{"name":"_callee14","decl":{"start":{"line":666,"column":37},"end":{"line":666,"column":46}},"loc":{"start":{"line":666,"column":57},"end":{"line":760,"column":5}},"line":666},"64":{"name":"_callee14$","decl":{"start":{"line":669,"column":46},"end":{"line":669,"column":56}},"loc":{"start":{"line":669,"column":69},"end":{"line":759,"column":7}},"line":669},"65":{"name":"(anonymous_65)","decl":{"start":{"line":677,"column":14},"end":{"line":677,"column":15}},"loc":{"start":{"line":677,"column":26},"end":{"line":747,"column":15}},"line":677},"66":{"name":"_callee13","decl":{"start":{"line":680,"column":49},"end":{"line":680,"column":58}},"loc":{"start":{"line":680,"column":75},"end":{"line":742,"column":17}},"line":680},"67":{"name":"_callee13$","decl":{"start":{"line":682,"column":58},"end":{"line":682,"column":68}},"loc":{"start":{"line":682,"column":81},"end":{"line":741,"column":19}},"line":682},"68":{"name":"(anonymous_68)","decl":{"start":{"line":744,"column":23},"end":{"line":744,"column":24}},"loc":{"start":{"line":744,"column":45},"end":{"line":746,"column":17}},"line":744},"69":{"name":"(anonymous_69)","decl":{"start":{"line":750,"column":49},"end":{"line":750,"column":50}},"loc":{"start":{"line":750,"column":61},"end":{"line":752,"column":15}},"line":750},"70":{"name":"findAllArticleOrGif","decl":{"start":{"line":762,"column":13},"end":{"line":762,"column":32}},"loc":{"start":{"line":762,"column":45},"end":{"line":764,"column":5}},"line":762}},"branchMap":{"0":{"loc":{"start":{"line":16,"column":46},"end":{"line":16,"column":94}},"type":"cond-expr","locations":[{"start":{"line":16,"column":70},"end":{"line":16,"column":73}},{"start":{"line":16,"column":76},"end":{"line":16,"column":94}}],"line":16},"1":{"loc":{"start":{"line":16,"column":46},"end":{"line":16,"column":67}},"type":"binary-expr","locations":[{"start":{"line":16,"column":46},"end":{"line":16,"column":49}},{"start":{"line":16,"column":53},"end":{"line":16,"column":67}}],"line":16},"2":{"loc":{"start":{"line":18,"column":176},"end":{"line":18,"column":263}},"type":"if","locations":[{"start":{"line":18,"column":176},"end":{"line":18,"column":263}},{"start":{"line":18,"column":176},"end":{"line":18,"column":263}}],"line":18},"3":{"loc":{"start":{"line":31,"column":10},"end":{"line":121,"column":11}},"type":"switch","locations":[{"start":{"line":32,"column":12},"end":{"line":116,"column":17}},{"start":{"line":118,"column":12},"end":{"line":118,"column":19}},{"start":{"line":119,"column":12},"end":{"line":120,"column":38}}],"line":31},"4":{"loc":{"start":{"line":45,"column":24},"end":{"line":100,"column":25}},"type":"switch","locations":[{"start":{"line":46,"column":26},"end":{"line":57,"column":73}},{"start":{"line":59,"column":26},"end":{"line":84,"column":197}},{"start":{"line":86,"column":26},"end":{"line":92,"column":102}},{"start":{"line":94,"column":26},"end":{"line":95,"column":67}},{"start":{"line":97,"column":26},"end":{"line":97,"column":34}},{"start":{"line":98,"column":26},"end":{"line":99,"column":51}}],"line":45},"5":{"loc":{"start":{"line":47,"column":28},"end":{"line":50,"column":29}},"type":"if","locations":[{"start":{"line":47,"column":28},"end":{"line":50,"column":29}},{"start":{"line":47,"column":28},"end":{"line":50,"column":29}}],"line":47},"6":{"loc":{"start":{"line":87,"column":28},"end":{"line":90,"column":29}},"type":"if","locations":[{"start":{"line":87,"column":28},"end":{"line":90,"column":29}},{"start":{"line":87,"column":28},"end":{"line":90,"column":29}}],"line":87},"7":{"loc":{"start":{"line":141,"column":10},"end":{"line":227,"column":11}},"type":"switch","locations":[{"start":{"line":142,"column":12},"end":{"line":222,"column":17}},{"start":{"line":224,"column":12},"end":{"line":224,"column":19}},{"start":{"line":225,"column":12},"end":{"line":226,"column":38}}],"line":141},"8":{"loc":{"start":{"line":154,"column":22},"end":{"line":209,"column":23}},"type":"switch","locations":[{"start":{"line":155,"column":24},"end":{"line":161,"column":38}},{"start":{"line":163,"column":24},"end":{"line":169,"column":112}},{"start":{"line":171,"column":24},"end":{"line":173,"column":96}},{"start":{"line":175,"column":24},"end":{"line":185,"column":30}},{"start":{"line":187,"column":24},"end":{"line":204,"column":30}},{"start":{"line":206,"column":24},"end":{"line":206,"column":32}},{"start":{"line":207,"column":24},"end":{"line":208,"column":50}}],"line":154},"9":{"loc":{"start":{"line":156,"column":26},"end":{"line":159,"column":27}},"type":"if","locations":[{"start":{"line":156,"column":26},"end":{"line":159,"column":27}},{"start":{"line":156,"column":26},"end":{"line":159,"column":27}}],"line":156},"10":{"loc":{"start":{"line":164,"column":26},"end":{"line":167,"column":27}},"type":"if","locations":[{"start":{"line":164,"column":26},"end":{"line":167,"column":27}},{"start":{"line":164,"column":26},"end":{"line":167,"column":27}}],"line":164},"11":{"loc":{"start":{"line":178,"column":26},"end":{"line":181,"column":27}},"type":"if","locations":[{"start":{"line":178,"column":26},"end":{"line":181,"column":27}},{"start":{"line":178,"column":26},"end":{"line":181,"column":27}}],"line":178},"12":{"loc":{"start":{"line":247,"column":10},"end":{"line":333,"column":11}},"type":"switch","locations":[{"start":{"line":248,"column":12},"end":{"line":328,"column":17}},{"start":{"line":330,"column":12},"end":{"line":330,"column":19}},{"start":{"line":331,"column":12},"end":{"line":332,"column":38}}],"line":247},"13":{"loc":{"start":{"line":260,"column":22},"end":{"line":315,"column":23}},"type":"switch","locations":[{"start":{"line":261,"column":24},"end":{"line":267,"column":38}},{"start":{"line":269,"column":24},"end":{"line":275,"column":112}},{"start":{"line":277,"column":24},"end":{"line":279,"column":96}},{"start":{"line":281,"column":24},"end":{"line":291,"column":30}},{"start":{"line":293,"column":24},"end":{"line":310,"column":30}},{"start":{"line":312,"column":24},"end":{"line":312,"column":32}},{"start":{"line":313,"column":24},"end":{"line":314,"column":50}}],"line":260},"14":{"loc":{"start":{"line":262,"column":26},"end":{"line":265,"column":27}},"type":"if","locations":[{"start":{"line":262,"column":26},"end":{"line":265,"column":27}},{"start":{"line":262,"column":26},"end":{"line":265,"column":27}}],"line":262},"15":{"loc":{"start":{"line":270,"column":26},"end":{"line":273,"column":27}},"type":"if","locations":[{"start":{"line":270,"column":26},"end":{"line":273,"column":27}},{"start":{"line":270,"column":26},"end":{"line":273,"column":27}}],"line":270},"16":{"loc":{"start":{"line":284,"column":26},"end":{"line":287,"column":27}},"type":"if","locations":[{"start":{"line":284,"column":26},"end":{"line":287,"column":27}},{"start":{"line":284,"column":26},"end":{"line":287,"column":27}}],"line":284},"17":{"loc":{"start":{"line":353,"column":10},"end":{"line":439,"column":11}},"type":"switch","locations":[{"start":{"line":354,"column":12},"end":{"line":434,"column":17}},{"start":{"line":436,"column":12},"end":{"line":436,"column":19}},{"start":{"line":437,"column":12},"end":{"line":438,"column":38}}],"line":353},"18":{"loc":{"start":{"line":366,"column":22},"end":{"line":421,"column":23}},"type":"switch","locations":[{"start":{"line":367,"column":24},"end":{"line":373,"column":38}},{"start":{"line":375,"column":24},"end":{"line":381,"column":112}},{"start":{"line":383,"column":24},"end":{"line":385,"column":96}},{"start":{"line":387,"column":24},"end":{"line":397,"column":30}},{"start":{"line":399,"column":24},"end":{"line":416,"column":30}},{"start":{"line":418,"column":24},"end":{"line":418,"column":32}},{"start":{"line":419,"column":24},"end":{"line":420,"column":50}}],"line":366},"19":{"loc":{"start":{"line":368,"column":26},"end":{"line":371,"column":27}},"type":"if","locations":[{"start":{"line":368,"column":26},"end":{"line":371,"column":27}},{"start":{"line":368,"column":26},"end":{"line":371,"column":27}}],"line":368},"20":{"loc":{"start":{"line":376,"column":26},"end":{"line":379,"column":27}},"type":"if","locations":[{"start":{"line":376,"column":26},"end":{"line":379,"column":27}},{"start":{"line":376,"column":26},"end":{"line":379,"column":27}}],"line":376},"21":{"loc":{"start":{"line":390,"column":26},"end":{"line":393,"column":27}},"type":"if","locations":[{"start":{"line":390,"column":26},"end":{"line":393,"column":27}},{"start":{"line":390,"column":26},"end":{"line":393,"column":27}}],"line":390},"22":{"loc":{"start":{"line":459,"column":10},"end":{"line":545,"column":11}},"type":"switch","locations":[{"start":{"line":460,"column":12},"end":{"line":540,"column":17}},{"start":{"line":542,"column":12},"end":{"line":542,"column":19}},{"start":{"line":543,"column":12},"end":{"line":544,"column":39}}],"line":459},"23":{"loc":{"start":{"line":472,"column":22},"end":{"line":527,"column":23}},"type":"switch","locations":[{"start":{"line":473,"column":24},"end":{"line":479,"column":38}},{"start":{"line":481,"column":24},"end":{"line":487,"column":112}},{"start":{"line":489,"column":24},"end":{"line":491,"column":96}},{"start":{"line":493,"column":24},"end":{"line":503,"column":30}},{"start":{"line":505,"column":24},"end":{"line":522,"column":30}},{"start":{"line":524,"column":24},"end":{"line":524,"column":32}},{"start":{"line":525,"column":24},"end":{"line":526,"column":50}}],"line":472},"24":{"loc":{"start":{"line":474,"column":26},"end":{"line":477,"column":27}},"type":"if","locations":[{"start":{"line":474,"column":26},"end":{"line":477,"column":27}},{"start":{"line":474,"column":26},"end":{"line":477,"column":27}}],"line":474},"25":{"loc":{"start":{"line":482,"column":26},"end":{"line":485,"column":27}},"type":"if","locations":[{"start":{"line":482,"column":26},"end":{"line":485,"column":27}},{"start":{"line":482,"column":26},"end":{"line":485,"column":27}}],"line":482},"26":{"loc":{"start":{"line":496,"column":26},"end":{"line":499,"column":27}},"type":"if","locations":[{"start":{"line":496,"column":26},"end":{"line":499,"column":27}},{"start":{"line":496,"column":26},"end":{"line":499,"column":27}}],"line":496},"27":{"loc":{"start":{"line":565,"column":10},"end":{"line":651,"column":11}},"type":"switch","locations":[{"start":{"line":566,"column":12},"end":{"line":646,"column":17}},{"start":{"line":648,"column":12},"end":{"line":648,"column":19}},{"start":{"line":649,"column":12},"end":{"line":650,"column":39}}],"line":565},"28":{"loc":{"start":{"line":578,"column":22},"end":{"line":633,"column":23}},"type":"switch","locations":[{"start":{"line":579,"column":24},"end":{"line":585,"column":38}},{"start":{"line":587,"column":24},"end":{"line":593,"column":113}},{"start":{"line":595,"column":24},"end":{"line":597,"column":96}},{"start":{"line":599,"column":24},"end":{"line":609,"column":30}},{"start":{"line":611,"column":24},"end":{"line":628,"column":30}},{"start":{"line":630,"column":24},"end":{"line":630,"column":32}},{"start":{"line":631,"column":24},"end":{"line":632,"column":51}}],"line":578},"29":{"loc":{"start":{"line":580,"column":26},"end":{"line":583,"column":27}},"type":"if","locations":[{"start":{"line":580,"column":26},"end":{"line":583,"column":27}},{"start":{"line":580,"column":26},"end":{"line":583,"column":27}}],"line":580},"30":{"loc":{"start":{"line":588,"column":26},"end":{"line":591,"column":27}},"type":"if","locations":[{"start":{"line":588,"column":26},"end":{"line":591,"column":27}},{"start":{"line":588,"column":26},"end":{"line":591,"column":27}}],"line":588},"31":{"loc":{"start":{"line":602,"column":26},"end":{"line":605,"column":27}},"type":"if","locations":[{"start":{"line":602,"column":26},"end":{"line":605,"column":27}},{"start":{"line":602,"column":26},"end":{"line":605,"column":27}}],"line":602},"32":{"loc":{"start":{"line":671,"column":10},"end":{"line":757,"column":11}},"type":"switch","locations":[{"start":{"line":672,"column":12},"end":{"line":752,"column":17}},{"start":{"line":754,"column":12},"end":{"line":754,"column":19}},{"start":{"line":755,"column":12},"end":{"line":756,"column":39}}],"line":671},"33":{"loc":{"start":{"line":684,"column":22},"end":{"line":739,"column":23}},"type":"switch","locations":[{"start":{"line":685,"column":24},"end":{"line":691,"column":38}},{"start":{"line":693,"column":24},"end":{"line":699,"column":113}},{"start":{"line":701,"column":24},"end":{"line":703,"column":96}},{"start":{"line":705,"column":24},"end":{"line":715,"column":30}},{"start":{"line":717,"column":24},"end":{"line":734,"column":30}},{"start":{"line":736,"column":24},"end":{"line":736,"column":32}},{"start":{"line":737,"column":24},"end":{"line":738,"column":51}}],"line":684},"34":{"loc":{"start":{"line":686,"column":26},"end":{"line":689,"column":27}},"type":"if","locations":[{"start":{"line":686,"column":26},"end":{"line":689,"column":27}},{"start":{"line":686,"column":26},"end":{"line":689,"column":27}}],"line":686},"35":{"loc":{"start":{"line":694,"column":26},"end":{"line":697,"column":27}},"type":"if","locations":[{"start":{"line":694,"column":26},"end":{"line":697,"column":27}},{"start":{"line":694,"column":26},"end":{"line":697,"column":27}}],"line":694},"36":{"loc":{"start":{"line":708,"column":26},"end":{"line":711,"column":27}},"type":"if","locations":[{"start":{"line":708,"column":26},"end":{"line":711,"column":27}},{"start":{"line":708,"column":26},"end":{"line":711,"column":27}}],"line":708}},"s":{"0":1,"1":1,"2":1,"3":1,"4":1,"5":1,"6":4,"7":0,"8":0,"9":0,"10":0,"11":0,"12":0,"13":0,"14":0,"15":7,"16":0,"17":0,"18":0,"19":0,"20":0,"21":0,"22":0,"23":1,"24":1,"25":0,"26":0,"27":0,"28":0,"29":0,"30":0,"31":0,"32":0,"33":0,"34":0,"35":0,"36":0,"37":0,"38":0,"39":0,"40":0,"41":0,"42":0,"43":0,"44":0,"45":0,"46":0,"47":0,"48":0,"49":0,"50":0,"51":0,"52":0,"53":0,"54":0,"55":0,"56":0,"57":0,"58":0,"59":0,"60":0,"61":0,"62":0,"63":0,"64":0,"65":1,"66":1,"67":0,"68":0,"69":0,"70":0,"71":0,"72":0,"73":0,"74":0,"75":0,"76":0,"77":0,"78":0,"79":0,"80":0,"81":0,"82":0,"83":0,"84":0,"85":0,"86":0,"87":0,"88":0,"89":0,"90":0,"91":0,"92":0,"93":0,"94":0,"95":0,"96":0,"97":0,"98":0,"99":0,"100":0,"101":0,"102":1,"103":1,"104":0,"105":0,"106":0,"107":0,"108":0,"109":0,"110":0,"111":0,"112":0,"113":0,"114":0,"115":0,"116":0,"117":0,"118":0,"119":0,"120":0,"121":0,"122":0,"123":0,"124":0,"125":0,"126":0,"127":0,"128":0,"129":0,"130":0,"131":0,"132":0,"133":0,"134":0,"135":0,"136":0,"137":0,"138":0,"139":1,"140":1,"141":0,"142":0,"143":0,"144":0,"145":0,"146":0,"147":0,"148":0,"149":0,"150":0,"151":0,"152":0,"153":0,"154":0,"155":0,"156":0,"157":0,"158":0,"159":0,"160":0,"161":0,"162":0,"163":0,"164":0,"165":0,"166":0,"167":0,"168":0,"169":0,"170":0,"171":0,"172":0,"173":0,"174":0,"175":0,"176":1,"177":1,"178":0,"179":0,"180":0,"181":0,"182":0,"183":0,"184":0,"185":0,"186":0,"187":0,"188":0,"189":0,"190":0,"191":0,"192":0,"193":0,"194":0,"195":0,"196":0,"197":0,"198":0,"199":0,"200":0,"201":0,"202":0,"203":0,"204":0,"205":0,"206":0,"207":0,"208":0,"209":0,"210":0,"211":0,"212":0,"213":1,"214":1,"215":0,"216":0,"217":0,"218":0,"219":0,"220":0,"221":0,"222":0,"223":0,"224":0,"225":0,"226":0,"227":0,"228":0,"229":0,"230":0,"231":0,"232":0,"233":0,"234":0,"235":0,"236":0,"237":0,"238":0,"239":0,"240":0,"241":0,"242":0,"243":0,"244":0,"245":0,"246":0,"247":0,"248":0,"249":0,"250":1,"251":1,"252":0,"253":0,"254":0,"255":0,"256":0,"257":0,"258":0,"259":0,"260":0,"261":0,"262":0,"263":0,"264":0,"265":0,"266":0,"267":0,"268":0,"269":0,"270":0,"271":0,"272":0,"273":0,"274":0,"275":0,"276":0,"277":0,"278":0,"279":0,"280":0,"281":0,"282":0,"283":0,"284":0,"285":0,"286":0,"287":1,"288":1},"f":{"0":4,"1":0,"2":7,"3":0,"4":0,"5":0,"6":0,"7":1,"8":0,"9":0,"10":0,"11":0,"12":0,"13":0,"14":0,"15":0,"16":0,"17":1,"18":0,"19":0,"20":0,"21":0,"22":0,"23":0,"24":0,"25":0,"26":1,"27":0,"28":0,"29":0,"30":0,"31":0,"32":0,"33":0,"34":0,"35":1,"36":0,"37":0,"38":0,"39":0,"40":0,"41":0,"42":0,"43":0,"44":1,"45":0,"46":0,"47":0,"48":0,"49":0,"50":0,"51":0,"52":0,"53":1,"54":0,"55":0,"56":0,"57":0,"58":0,"59":0,"60":0,"61":0,"62":1,"63":0,"64":0,"65":0,"66":0,"67":0,"68":0,"69":0,"70":0},"b":{"0":[0,4],"1":[4,4],"2":[0,0],"3":[0,0,0],"4":[0,0,0,0,0,0],"5":[0,0],"6":[0,0],"7":[0,0,0],"8":[0,0,0,0,0,0,0],"9":[0,0],"10":[0,0],"11":[0,0],"12":[0,0,0],"13":[0,0,0,0,0,0,0],"14":[0,0],"15":[0,0],"16":[0,0],"17":[0,0,0],"18":[0,0,0,0,0,0,0],"19":[0,0],"20":[0,0],"21":[0,0],"22":[0,0,0],"23":[0,0,0,0,0,0,0],"24":[0,0],"25":[0,0],"26":[0,0],"27":[0,0,0],"28":[0,0,0,0,0,0,0],"29":[0,0],"30":[0,0],"31":[0,0],"32":[0,0,0],"33":[0,0,0,0,0,0,0],"34":[0,0],"35":[0,0],"36":[0,0]},"_coverageSchema":"43e27e138ebf9cfc5966b082cf9a028302ed4184","hash":"1ac8976c90509a4dd3b59e6369030e2236713496","contentHash":"4a77668a97c2ee56e39567e8f5a851e543f433695338fcbc0da04ebf463d5e45"}}